<?xml version="1.0" encoding="utf-8"?>
<CoverageSession>
  <Summary numSequencePoints="1245" visitedSequencePoints="0" numBranchPoints="290" visitedBranchPoints="0" sequenceCoverage="0" branchCoverage="0" maxCyclomaticComplexity="193" minCyclomaticComplexity="1" visitedClasses="0" numClasses="68" visitedMethods="0" numMethods="157" />
  <Modules>
    <Module hash="AA3AE11D-3B0A-4130-92B9-F9AB767AE022">
      <ModulePath>DreamBig.Faist.Api.dll</ModulePath>
      <ModuleTime>2025-08-28T11:51:01</ModuleTime>
      <ModuleName>DreamBig.Faist.Api</ModuleName>
      <Files>
        <File uid="1" fullPath="D:\Projects\Git\dreambig-api-faist\src\DreamBig.Faist.Api\Program.cs" />
        <File uid="2" fullPath="D:\Projects\Git\dreambig-api-faist\src\DreamBig.Faist.Api\obj\Debug\net10.0\Microsoft.AspNetCore.OpenApi.SourceGenerators\Microsoft.AspNetCore.OpenApi.SourceGenerators.XmlCommentGenerator\OpenApiXmlCommentSupport.generated.cs" />
        <File uid="3" fullPath="D:\Projects\Git\dreambig-api-faist\src\DreamBig.Faist.Api\Middleware\GlobalExceptionHandler.cs" />
      </Files>
      <Classes>
        <Class>
          <Summary numSequencePoints="53" visitedSequencePoints="0" numBranchPoints="4" visitedBranchPoints="0" sequenceCoverage="0" branchCoverage="0" maxCyclomaticComplexity="4" minCyclomaticComplexity="4" visitedClasses="0" numClasses="1" visitedMethods="0" numMethods="1" />
          <FullName>Program/&lt;&lt;Main&gt;$&gt;d__0</FullName>
          <Methods>
            <Method cyclomaticComplexity="4" nPathComplexity="4" sequenceCoverage="0" branchCoverage="0" isConstructor="False" isGetter="False" isSetter="False" isStatic="True">
              <Summary numSequencePoints="53" visitedSequencePoints="0" numBranchPoints="4" visitedBranchPoints="0" sequenceCoverage="0" branchCoverage="0" maxCyclomaticComplexity="4" minCyclomaticComplexity="4" visitedClasses="0" numClasses="0" visitedMethods="0" numMethods="1" />
              <MetadataToken />
              <Name>System.Void Program/&lt;&lt;Main&gt;$&gt;d__0::MoveNext()</Name>
              <FileRef uid="1" />
              <SequencePoints>
                <SequencePoint vc="0" uspid="9" ordinal="0" sl="9" sc="1" el="9" ec="2" bec="0" bev="0" fileid="1" />
                <SequencePoint vc="0" uspid="10" ordinal="1" sl="10" sc="1" el="10" ec="2" bec="0" bev="0" fileid="1" />
                <SequencePoint vc="0" uspid="12" ordinal="2" sl="12" sc="1" el="12" ec="2" bec="0" bev="0" fileid="1" />
                <SequencePoint vc="0" uspid="13" ordinal="3" sl="13" sc="1" el="13" ec="2" bec="0" bev="0" fileid="1" />
                <SequencePoint vc="0" uspid="14" ordinal="4" sl="14" sc="1" el="14" ec="2" bec="0" bev="0" fileid="1" />
                <SequencePoint vc="0" uspid="15" ordinal="5" sl="15" sc="1" el="15" ec="2" bec="0" bev="0" fileid="1" />
                <SequencePoint vc="0" uspid="16" ordinal="6" sl="16" sc="1" el="16" ec="2" bec="0" bev="0" fileid="1" />
                <SequencePoint vc="0" uspid="17" ordinal="7" sl="17" sc="1" el="17" ec="2" bec="0" bev="0" fileid="1" />
                <SequencePoint vc="0" uspid="19" ordinal="8" sl="19" sc="1" el="19" ec="2" bec="0" bev="0" fileid="1" />
                <SequencePoint vc="0" uspid="20" ordinal="9" sl="20" sc="1" el="20" ec="2" bec="0" bev="0" fileid="1" />
                <SequencePoint vc="0" uspid="21" ordinal="10" sl="21" sc="1" el="21" ec="2" bec="0" bev="0" fileid="1" />
                <SequencePoint vc="0" uspid="22" ordinal="11" sl="22" sc="1" el="22" ec="2" bec="0" bev="0" fileid="1" />
                <SequencePoint vc="0" uspid="23" ordinal="12" sl="23" sc="1" el="23" ec="2" bec="0" bev="0" fileid="1" />
                <SequencePoint vc="0" uspid="25" ordinal="13" sl="25" sc="1" el="25" ec="2" bec="0" bev="0" fileid="1" />
                <SequencePoint vc="0" uspid="26" ordinal="14" sl="26" sc="1" el="26" ec="2" bec="0" bev="0" fileid="1" />
                <SequencePoint vc="0" uspid="27" ordinal="15" sl="27" sc="1" el="27" ec="2" bec="0" bev="0" fileid="1" />
                <SequencePoint vc="0" uspid="28" ordinal="16" sl="28" sc="1" el="28" ec="2" bec="0" bev="0" fileid="1" />
                <SequencePoint vc="0" uspid="29" ordinal="17" sl="29" sc="1" el="29" ec="2" bec="0" bev="0" fileid="1" />
                <SequencePoint vc="0" uspid="30" ordinal="18" sl="30" sc="1" el="30" ec="2" bec="0" bev="0" fileid="1" />
                <SequencePoint vc="0" uspid="31" ordinal="19" sl="31" sc="1" el="31" ec="2" bec="0" bev="0" fileid="1" />
                <SequencePoint vc="0" uspid="32" ordinal="20" sl="32" sc="1" el="32" ec="2" bec="0" bev="0" fileid="1" />
                <SequencePoint vc="0" uspid="33" ordinal="21" sl="33" sc="1" el="33" ec="2" bec="0" bev="0" fileid="1" />
                <SequencePoint vc="0" uspid="34" ordinal="22" sl="34" sc="1" el="34" ec="2" bec="0" bev="0" fileid="1" />
                <SequencePoint vc="0" uspid="35" ordinal="23" sl="35" sc="1" el="35" ec="2" bec="0" bev="0" fileid="1" />
                <SequencePoint vc="0" uspid="36" ordinal="24" sl="36" sc="1" el="36" ec="2" bec="0" bev="0" fileid="1" />
                <SequencePoint vc="0" uspid="37" ordinal="25" sl="37" sc="1" el="37" ec="2" bec="0" bev="0" fileid="1" />
                <SequencePoint vc="0" uspid="38" ordinal="26" sl="38" sc="1" el="38" ec="2" bec="0" bev="0" fileid="1" />
                <SequencePoint vc="0" uspid="39" ordinal="27" sl="39" sc="1" el="39" ec="2" bec="0" bev="0" fileid="1" />
                <SequencePoint vc="0" uspid="40" ordinal="28" sl="40" sc="1" el="40" ec="2" bec="0" bev="0" fileid="1" />
                <SequencePoint vc="0" uspid="41" ordinal="29" sl="41" sc="1" el="41" ec="2" bec="0" bev="0" fileid="1" />
                <SequencePoint vc="0" uspid="42" ordinal="30" sl="42" sc="1" el="42" ec="2" bec="0" bev="0" fileid="1" />
                <SequencePoint vc="0" uspid="43" ordinal="31" sl="43" sc="1" el="43" ec="2" bec="0" bev="0" fileid="1" />
                <SequencePoint vc="0" uspid="44" ordinal="32" sl="44" sc="1" el="44" ec="2" bec="0" bev="0" fileid="1" />
                <SequencePoint vc="0" uspid="45" ordinal="33" sl="45" sc="1" el="45" ec="2" bec="0" bev="0" fileid="1" />
                <SequencePoint vc="0" uspid="46" ordinal="34" sl="46" sc="1" el="46" ec="2" bec="0" bev="0" fileid="1" />
                <SequencePoint vc="0" uspid="47" ordinal="35" sl="47" sc="1" el="47" ec="2" bec="0" bev="0" fileid="1" />
                <SequencePoint vc="0" uspid="49" ordinal="36" sl="49" sc="1" el="49" ec="2" bec="0" bev="0" fileid="1" />
                <SequencePoint vc="0" uspid="51" ordinal="37" sl="51" sc="1" el="51" ec="2" bec="0" bev="0" fileid="1" />
                <SequencePoint vc="0" uspid="53" ordinal="38" sl="53" sc="1" el="53" ec="2" bec="0" bev="0" fileid="1" />
                <SequencePoint vc="0" uspid="56" ordinal="39" sl="56" sc="1" el="56" ec="2" bec="4" bev="0" fileid="1" />
                <SequencePoint vc="0" uspid="57" ordinal="40" sl="57" sc="1" el="57" ec="2" bec="0" bev="0" fileid="1" />
                <SequencePoint vc="0" uspid="58" ordinal="41" sl="58" sc="1" el="58" ec="2" bec="0" bev="0" fileid="1" />
                <SequencePoint vc="0" uspid="59" ordinal="42" sl="59" sc="1" el="59" ec="2" bec="0" bev="0" fileid="1" />
                <SequencePoint vc="0" uspid="61" ordinal="43" sl="61" sc="1" el="61" ec="2" bec="0" bev="0" fileid="1" />
                <SequencePoint vc="0" uspid="63" ordinal="44" sl="63" sc="1" el="63" ec="2" bec="0" bev="0" fileid="1" />
                <SequencePoint vc="0" uspid="65" ordinal="45" sl="65" sc="1" el="65" ec="2" bec="0" bev="0" fileid="1" />
                <SequencePoint vc="0" uspid="66" ordinal="46" sl="66" sc="1" el="66" ec="2" bec="0" bev="0" fileid="1" />
                <SequencePoint vc="0" uspid="67" ordinal="47" sl="67" sc="1" el="67" ec="2" bec="0" bev="0" fileid="1" />
                <SequencePoint vc="0" uspid="68" ordinal="48" sl="68" sc="1" el="68" ec="2" bec="0" bev="0" fileid="1" />
                <SequencePoint vc="0" uspid="69" ordinal="49" sl="69" sc="1" el="69" ec="2" bec="0" bev="0" fileid="1" />
                <SequencePoint vc="0" uspid="70" ordinal="50" sl="70" sc="1" el="70" ec="2" bec="0" bev="0" fileid="1" />
                <SequencePoint vc="0" uspid="71" ordinal="51" sl="71" sc="1" el="71" ec="2" bec="0" bev="0" fileid="1" />
                <SequencePoint vc="0" uspid="73" ordinal="52" sl="73" sc="1" el="73" ec="2" bec="0" bev="0" fileid="1" />
              </SequencePoints>
              <BranchPoints>
                <BranchPoint vc="0" uspid="56" ordinal="0" path="0" offset="307" offsetend="309" sl="56" fileid="1" />
                <BranchPoint vc="0" uspid="56" ordinal="1" path="1" offset="307" offsetend="315" sl="56" fileid="1" />
                <BranchPoint vc="0" uspid="56" ordinal="2" path="0" offset="327" offsetend="329" sl="56" fileid="1" />
                <BranchPoint vc="0" uspid="56" ordinal="3" path="1" offset="327" offsetend="348" sl="56" fileid="1" />
              </BranchPoints>
              <MethodPoint vc="0" uspid="0" p8:type="SequencePoint" ordinal="0" offset="0" sc="0" sl="9" ec="1" el="73" bec="0" bev="0" fileid="1" xmlns:p8="xsi" />
            </Method>
          </Methods>
        </Class>
        <Class>
          <Summary numSequencePoints="10" visitedSequencePoints="0" numBranchPoints="0" visitedBranchPoints="0" sequenceCoverage="0" branchCoverage="100" maxCyclomaticComplexity="1" minCyclomaticComplexity="1" visitedClasses="0" numClasses="1" visitedMethods="0" numMethods="10" />
          <FullName>Microsoft.AspNetCore.OpenApi.Generated.&lt;OpenApiXmlCommentSupport_generated&gt;F93395F21EC6A7D0B673C57E1A033BDC6CCA06C4871449C98E3C31FFA752FF8F5__XmlComment</FullName>
          <Methods>
            <Method cyclomaticComplexity="1" nPathComplexity="1" sequenceCoverage="0" branchCoverage="100" isConstructor="False" isGetter="True" isSetter="False" isStatic="True">
              <Summary numSequencePoints="1" visitedSequencePoints="0" numBranchPoints="0" visitedBranchPoints="0" sequenceCoverage="0" branchCoverage="100" maxCyclomaticComplexity="1" minCyclomaticComplexity="1" visitedClasses="0" numClasses="0" visitedMethods="0" numMethods="1" />
              <MetadataToken />
              <Name>System.String Microsoft.AspNetCore.OpenApi.Generated.&lt;OpenApiXmlCommentSupport_generated&gt;F93395F21EC6A7D0B673C57E1A033BDC6CCA06C4871449C98E3C31FFA752FF8F5__XmlComment::get_Summary()</Name>
              <FileRef uid="2" />
              <SequencePoints>
                <SequencePoint vc="0" uspid="46" ordinal="0" sl="46" sc="1" el="46" ec="2" bec="0" bev="0" fileid="2" />
              </SequencePoints>
              <BranchPoints />
              <MethodPoint vc="0" uspid="0" p8:type="SequencePoint" ordinal="0" offset="0" sc="0" sl="46" ec="1" el="46" bec="0" bev="0" fileid="2" xmlns:p8="xsi" />
            </Method>
            <Method cyclomaticComplexity="1" nPathComplexity="1" sequenceCoverage="0" branchCoverage="100" isConstructor="False" isGetter="True" isSetter="False" isStatic="True">
              <Summary numSequencePoints="1" visitedSequencePoints="0" numBranchPoints="0" visitedBranchPoints="0" sequenceCoverage="0" branchCoverage="100" maxCyclomaticComplexity="1" minCyclomaticComplexity="1" visitedClasses="0" numClasses="0" visitedMethods="0" numMethods="1" />
              <MetadataToken />
              <Name>System.String Microsoft.AspNetCore.OpenApi.Generated.&lt;OpenApiXmlCommentSupport_generated&gt;F93395F21EC6A7D0B673C57E1A033BDC6CCA06C4871449C98E3C31FFA752FF8F5__XmlComment::get_Description()</Name>
              <FileRef uid="2" />
              <SequencePoints>
                <SequencePoint vc="0" uspid="47" ordinal="0" sl="47" sc="1" el="47" ec="2" bec="0" bev="0" fileid="2" />
              </SequencePoints>
              <BranchPoints />
              <MethodPoint vc="0" uspid="0" p8:type="SequencePoint" ordinal="1" offset="1" sc="0" sl="47" ec="1" el="47" bec="0" bev="0" fileid="2" xmlns:p8="xsi" />
            </Method>
            <Method cyclomaticComplexity="1" nPathComplexity="1" sequenceCoverage="0" branchCoverage="100" isConstructor="False" isGetter="True" isSetter="False" isStatic="True">
              <Summary numSequencePoints="1" visitedSequencePoints="0" numBranchPoints="0" visitedBranchPoints="0" sequenceCoverage="0" branchCoverage="100" maxCyclomaticComplexity="1" minCyclomaticComplexity="1" visitedClasses="0" numClasses="0" visitedMethods="0" numMethods="1" />
              <MetadataToken />
              <Name>System.String Microsoft.AspNetCore.OpenApi.Generated.&lt;OpenApiXmlCommentSupport_generated&gt;F93395F21EC6A7D0B673C57E1A033BDC6CCA06C4871449C98E3C31FFA752FF8F5__XmlComment::get_Remarks()</Name>
              <FileRef uid="2" />
              <SequencePoints>
                <SequencePoint vc="0" uspid="48" ordinal="0" sl="48" sc="1" el="48" ec="2" bec="0" bev="0" fileid="2" />
              </SequencePoints>
              <BranchPoints />
              <MethodPoint vc="0" uspid="0" p8:type="SequencePoint" ordinal="2" offset="2" sc="0" sl="48" ec="1" el="48" bec="0" bev="0" fileid="2" xmlns:p8="xsi" />
            </Method>
            <Method cyclomaticComplexity="1" nPathComplexity="1" sequenceCoverage="0" branchCoverage="100" isConstructor="False" isGetter="True" isSetter="False" isStatic="True">
              <Summary numSequencePoints="1" visitedSequencePoints="0" numBranchPoints="0" visitedBranchPoints="0" sequenceCoverage="0" branchCoverage="100" maxCyclomaticComplexity="1" minCyclomaticComplexity="1" visitedClasses="0" numClasses="0" visitedMethods="0" numMethods="1" />
              <MetadataToken />
              <Name>System.String Microsoft.AspNetCore.OpenApi.Generated.&lt;OpenApiXmlCommentSupport_generated&gt;F93395F21EC6A7D0B673C57E1A033BDC6CCA06C4871449C98E3C31FFA752FF8F5__XmlComment::get_Returns()</Name>
              <FileRef uid="2" />
              <SequencePoints>
                <SequencePoint vc="0" uspid="49" ordinal="0" sl="49" sc="1" el="49" ec="2" bec="0" bev="0" fileid="2" />
              </SequencePoints>
              <BranchPoints />
              <MethodPoint vc="0" uspid="0" p8:type="SequencePoint" ordinal="3" offset="3" sc="0" sl="49" ec="1" el="49" bec="0" bev="0" fileid="2" xmlns:p8="xsi" />
            </Method>
            <Method cyclomaticComplexity="1" nPathComplexity="1" sequenceCoverage="0" branchCoverage="100" isConstructor="False" isGetter="True" isSetter="False" isStatic="True">
              <Summary numSequencePoints="1" visitedSequencePoints="0" numBranchPoints="0" visitedBranchPoints="0" sequenceCoverage="0" branchCoverage="100" maxCyclomaticComplexity="1" minCyclomaticComplexity="1" visitedClasses="0" numClasses="0" visitedMethods="0" numMethods="1" />
              <MetadataToken />
              <Name>System.String Microsoft.AspNetCore.OpenApi.Generated.&lt;OpenApiXmlCommentSupport_generated&gt;F93395F21EC6A7D0B673C57E1A033BDC6CCA06C4871449C98E3C31FFA752FF8F5__XmlComment::get_Value()</Name>
              <FileRef uid="2" />
              <SequencePoints>
                <SequencePoint vc="0" uspid="50" ordinal="0" sl="50" sc="1" el="50" ec="2" bec="0" bev="0" fileid="2" />
              </SequencePoints>
              <BranchPoints />
              <MethodPoint vc="0" uspid="0" p8:type="SequencePoint" ordinal="4" offset="4" sc="0" sl="50" ec="1" el="50" bec="0" bev="0" fileid="2" xmlns:p8="xsi" />
            </Method>
            <Method cyclomaticComplexity="1" nPathComplexity="1" sequenceCoverage="0" branchCoverage="100" isConstructor="False" isGetter="True" isSetter="False" isStatic="True">
              <Summary numSequencePoints="1" visitedSequencePoints="0" numBranchPoints="0" visitedBranchPoints="0" sequenceCoverage="0" branchCoverage="100" maxCyclomaticComplexity="1" minCyclomaticComplexity="1" visitedClasses="0" numClasses="0" visitedMethods="0" numMethods="1" />
              <MetadataToken />
              <Name>System.Boolean Microsoft.AspNetCore.OpenApi.Generated.&lt;OpenApiXmlCommentSupport_generated&gt;F93395F21EC6A7D0B673C57E1A033BDC6CCA06C4871449C98E3C31FFA752FF8F5__XmlComment::get_Deprecated()</Name>
              <FileRef uid="2" />
              <SequencePoints>
                <SequencePoint vc="0" uspid="51" ordinal="0" sl="51" sc="1" el="51" ec="2" bec="0" bev="0" fileid="2" />
              </SequencePoints>
              <BranchPoints />
              <MethodPoint vc="0" uspid="0" p8:type="SequencePoint" ordinal="5" offset="5" sc="0" sl="51" ec="1" el="51" bec="0" bev="0" fileid="2" xmlns:p8="xsi" />
            </Method>
            <Method cyclomaticComplexity="1" nPathComplexity="1" sequenceCoverage="0" branchCoverage="100" isConstructor="False" isGetter="True" isSetter="False" isStatic="True">
              <Summary numSequencePoints="1" visitedSequencePoints="0" numBranchPoints="0" visitedBranchPoints="0" sequenceCoverage="0" branchCoverage="100" maxCyclomaticComplexity="1" minCyclomaticComplexity="1" visitedClasses="0" numClasses="0" visitedMethods="0" numMethods="1" />
              <MetadataToken />
              <Name>System.Collections.Generic.List`1&lt;System.String&gt; Microsoft.AspNetCore.OpenApi.Generated.&lt;OpenApiXmlCommentSupport_generated&gt;F93395F21EC6A7D0B673C57E1A033BDC6CCA06C4871449C98E3C31FFA752FF8F5__XmlComment::get_Examples()</Name>
              <FileRef uid="2" />
              <SequencePoints>
                <SequencePoint vc="0" uspid="52" ordinal="0" sl="52" sc="1" el="52" ec="2" bec="0" bev="0" fileid="2" />
              </SequencePoints>
              <BranchPoints />
              <MethodPoint vc="0" uspid="0" p8:type="SequencePoint" ordinal="6" offset="6" sc="0" sl="52" ec="1" el="52" bec="0" bev="0" fileid="2" xmlns:p8="xsi" />
            </Method>
            <Method cyclomaticComplexity="1" nPathComplexity="1" sequenceCoverage="0" branchCoverage="100" isConstructor="False" isGetter="True" isSetter="False" isStatic="True">
              <Summary numSequencePoints="1" visitedSequencePoints="0" numBranchPoints="0" visitedBranchPoints="0" sequenceCoverage="0" branchCoverage="100" maxCyclomaticComplexity="1" minCyclomaticComplexity="1" visitedClasses="0" numClasses="0" visitedMethods="0" numMethods="1" />
              <MetadataToken />
              <Name>System.Collections.Generic.List`1&lt;Microsoft.AspNetCore.OpenApi.Generated.&lt;OpenApiXmlCommentSupport_generated&gt;F93395F21EC6A7D0B673C57E1A033BDC6CCA06C4871449C98E3C31FFA752FF8F5__XmlParameterComment&gt; Microsoft.AspNetCore.OpenApi.Generated.&lt;OpenApiXmlCommentSupport_generated&gt;F93395F21EC6A7D0B673C57E1A033BDC6CCA06C4871449C98E3C31FFA752FF8F5__XmlComment::get_Parameters()</Name>
              <FileRef uid="2" />
              <SequencePoints>
                <SequencePoint vc="0" uspid="53" ordinal="0" sl="53" sc="1" el="53" ec="2" bec="0" bev="0" fileid="2" />
              </SequencePoints>
              <BranchPoints />
              <MethodPoint vc="0" uspid="0" p8:type="SequencePoint" ordinal="7" offset="7" sc="0" sl="53" ec="1" el="53" bec="0" bev="0" fileid="2" xmlns:p8="xsi" />
            </Method>
            <Method cyclomaticComplexity="1" nPathComplexity="1" sequenceCoverage="0" branchCoverage="100" isConstructor="False" isGetter="True" isSetter="False" isStatic="True">
              <Summary numSequencePoints="1" visitedSequencePoints="0" numBranchPoints="0" visitedBranchPoints="0" sequenceCoverage="0" branchCoverage="100" maxCyclomaticComplexity="1" minCyclomaticComplexity="1" visitedClasses="0" numClasses="0" visitedMethods="0" numMethods="1" />
              <MetadataToken />
              <Name>System.Collections.Generic.List`1&lt;Microsoft.AspNetCore.OpenApi.Generated.&lt;OpenApiXmlCommentSupport_generated&gt;F93395F21EC6A7D0B673C57E1A033BDC6CCA06C4871449C98E3C31FFA752FF8F5__XmlResponseComment&gt; Microsoft.AspNetCore.OpenApi.Generated.&lt;OpenApiXmlCommentSupport_generated&gt;F93395F21EC6A7D0B673C57E1A033BDC6CCA06C4871449C98E3C31FFA752FF8F5__XmlComment::get_Responses()</Name>
              <FileRef uid="2" />
              <SequencePoints>
                <SequencePoint vc="0" uspid="54" ordinal="0" sl="54" sc="1" el="54" ec="2" bec="0" bev="0" fileid="2" />
              </SequencePoints>
              <BranchPoints />
              <MethodPoint vc="0" uspid="0" p8:type="SequencePoint" ordinal="8" offset="8" sc="0" sl="54" ec="1" el="54" bec="0" bev="0" fileid="2" xmlns:p8="xsi" />
            </Method>
            <Method cyclomaticComplexity="1" nPathComplexity="1" sequenceCoverage="0" branchCoverage="100" isConstructor="True" isGetter="False" isSetter="False" isStatic="True">
              <Summary numSequencePoints="1" visitedSequencePoints="0" numBranchPoints="0" visitedBranchPoints="0" sequenceCoverage="0" branchCoverage="100" maxCyclomaticComplexity="1" minCyclomaticComplexity="1" visitedClasses="0" numClasses="0" visitedMethods="0" numMethods="1" />
              <MetadataToken />
              <Name>System.Void Microsoft.AspNetCore.OpenApi.Generated.&lt;OpenApiXmlCommentSupport_generated&gt;F93395F21EC6A7D0B673C57E1A033BDC6CCA06C4871449C98E3C31FFA752FF8F5__XmlComment::.ctor(System.String,System.String,System.String,System.String,System.String,System.Boolean,System.Collections.Generic.List`1&lt;System.String&gt;,System.Collections.Generic.List`1&lt;Microsoft.AspNetCore.OpenApi.Generated.&lt;OpenApiXmlCommentSupport_generated&gt;F93395F21EC6A7D0B673C57E1A033BDC6CCA06C4871449C98E3C31FFA752FF8F5__XmlParameterComment&gt;,System.Collections.Generic.List`1&lt;Microsoft.AspNetCore.OpenApi.Generated.&lt;OpenApiXmlCommentSupport_generated&gt;F93395F21EC6A7D0B673C57E1A033BDC6CCA06C4871449C98E3C31FFA752FF8F5__XmlResponseComment&gt;)</Name>
              <FileRef uid="2" />
              <SequencePoints>
                <SequencePoint vc="0" uspid="45" ordinal="0" sl="45" sc="1" el="45" ec="2" bec="0" bev="0" fileid="2" />
              </SequencePoints>
              <BranchPoints />
              <MethodPoint vc="0" uspid="0" p8:type="SequencePoint" ordinal="9" offset="9" sc="0" sl="45" ec="1" el="45" bec="0" bev="0" fileid="2" xmlns:p8="xsi" />
            </Method>
          </Methods>
        </Class>
        <Class>
          <Summary numSequencePoints="1" visitedSequencePoints="0" numBranchPoints="0" visitedBranchPoints="0" sequenceCoverage="0" branchCoverage="100" maxCyclomaticComplexity="1" minCyclomaticComplexity="1" visitedClasses="0" numClasses="1" visitedMethods="0" numMethods="1" />
          <FullName>Microsoft.AspNetCore.OpenApi.Generated.&lt;OpenApiXmlCommentSupport_generated&gt;F93395F21EC6A7D0B673C57E1A033BDC6CCA06C4871449C98E3C31FFA752FF8F5__XmlParameterComment</FullName>
          <Methods>
            <Method cyclomaticComplexity="1" nPathComplexity="1" sequenceCoverage="0" branchCoverage="100" isConstructor="False" isGetter="True" isSetter="False" isStatic="True">
              <Summary numSequencePoints="1" visitedSequencePoints="0" numBranchPoints="0" visitedBranchPoints="0" sequenceCoverage="0" branchCoverage="100" maxCyclomaticComplexity="1" minCyclomaticComplexity="1" visitedClasses="0" numClasses="0" visitedMethods="0" numMethods="1" />
              <MetadataToken />
              <Name>System.String Microsoft.AspNetCore.OpenApi.Generated.&lt;OpenApiXmlCommentSupport_generated&gt;F93395F21EC6A7D0B673C57E1A033BDC6CCA06C4871449C98E3C31FFA752FF8F5__XmlParameterComment::get_Name()</Name>
              <FileRef uid="2" />
              <SequencePoints>
                <SequencePoint vc="0" uspid="57" ordinal="0" sl="57" sc="1" el="57" ec="2" bec="0" bev="0" fileid="2" />
              </SequencePoints>
              <BranchPoints />
              <MethodPoint vc="0" uspid="0" p8:type="SequencePoint" ordinal="0" offset="0" sc="0" sl="57" ec="1" el="57" bec="0" bev="0" fileid="2" xmlns:p8="xsi" />
            </Method>
          </Methods>
        </Class>
        <Class>
          <Summary numSequencePoints="1" visitedSequencePoints="0" numBranchPoints="0" visitedBranchPoints="0" sequenceCoverage="0" branchCoverage="100" maxCyclomaticComplexity="1" minCyclomaticComplexity="1" visitedClasses="0" numClasses="1" visitedMethods="0" numMethods="1" />
          <FullName>Microsoft.AspNetCore.OpenApi.Generated.&lt;OpenApiXmlCommentSupport_generated&gt;F93395F21EC6A7D0B673C57E1A033BDC6CCA06C4871449C98E3C31FFA752FF8F5__XmlResponseComment</FullName>
          <Methods>
            <Method cyclomaticComplexity="1" nPathComplexity="1" sequenceCoverage="0" branchCoverage="100" isConstructor="False" isGetter="True" isSetter="False" isStatic="True">
              <Summary numSequencePoints="1" visitedSequencePoints="0" numBranchPoints="0" visitedBranchPoints="0" sequenceCoverage="0" branchCoverage="100" maxCyclomaticComplexity="1" minCyclomaticComplexity="1" visitedClasses="0" numClasses="0" visitedMethods="0" numMethods="1" />
              <MetadataToken />
              <Name>System.String Microsoft.AspNetCore.OpenApi.Generated.&lt;OpenApiXmlCommentSupport_generated&gt;F93395F21EC6A7D0B673C57E1A033BDC6CCA06C4871449C98E3C31FFA752FF8F5__XmlResponseComment::get_Code()</Name>
              <FileRef uid="2" />
              <SequencePoints>
                <SequencePoint vc="0" uspid="60" ordinal="0" sl="60" sc="1" el="60" ec="2" bec="0" bev="0" fileid="2" />
              </SequencePoints>
              <BranchPoints />
              <MethodPoint vc="0" uspid="0" p8:type="SequencePoint" ordinal="0" offset="0" sc="0" sl="60" ec="1" el="60" bec="0" bev="0" fileid="2" xmlns:p8="xsi" />
            </Method>
          </Methods>
        </Class>
        <Class>
          <Summary numSequencePoints="5" visitedSequencePoints="0" numBranchPoints="2" visitedBranchPoints="0" sequenceCoverage="0" branchCoverage="0" maxCyclomaticComplexity="2" minCyclomaticComplexity="1" visitedClasses="0" numClasses="1" visitedMethods="0" numMethods="2" />
          <FullName>Microsoft.AspNetCore.OpenApi.Generated.&lt;OpenApiXmlCommentSupport_generated&gt;F93395F21EC6A7D0B673C57E1A033BDC6CCA06C4871449C98E3C31FFA752FF8F5__XmlCommentCache</FullName>
          <Methods>
            <Method cyclomaticComplexity="2" nPathComplexity="2" sequenceCoverage="0" branchCoverage="0" isConstructor="False" isGetter="True" isSetter="False" isStatic="True">
              <Summary numSequencePoints="1" visitedSequencePoints="0" numBranchPoints="2" visitedBranchPoints="0" sequenceCoverage="0" branchCoverage="0" maxCyclomaticComplexity="2" minCyclomaticComplexity="2" visitedClasses="0" numClasses="0" visitedMethods="0" numMethods="1" />
              <MetadataToken />
              <Name>System.Collections.Generic.Dictionary`2&lt;System.String,Microsoft.AspNetCore.OpenApi.Generated.&lt;OpenApiXmlCommentSupport_generated&gt;F93395F21EC6A7D0B673C57E1A033BDC6CCA06C4871449C98E3C31FFA752FF8F5__XmlComment&gt; Microsoft.AspNetCore.OpenApi.Generated.&lt;OpenApiXmlCommentSupport_generated&gt;F93395F21EC6A7D0B673C57E1A033BDC6CCA06C4871449C98E3C31FFA752FF8F5__XmlCommentCache::get_Cache()</Name>
              <FileRef uid="2" />
              <SequencePoints>
                <SequencePoint vc="0" uspid="66" ordinal="0" sl="66" sc="1" el="66" ec="2" bec="2" bev="0" fileid="2" />
              </SequencePoints>
              <BranchPoints>
                <BranchPoint vc="0" uspid="66" ordinal="0" path="0" offset="6" offsetend="8" sl="66" fileid="2" />
                <BranchPoint vc="0" uspid="66" ordinal="1" path="1" offset="6" offsetend="20" sl="66" fileid="2" />
              </BranchPoints>
              <MethodPoint vc="0" uspid="0" p8:type="SequencePoint" ordinal="0" offset="0" sc="0" sl="66" ec="1" el="66" bec="0" bev="0" fileid="2" xmlns:p8="xsi" />
            </Method>
            <Method cyclomaticComplexity="1" nPathComplexity="1" sequenceCoverage="0" branchCoverage="100" isConstructor="False" isGetter="False" isSetter="False" isStatic="True">
              <Summary numSequencePoints="4" visitedSequencePoints="0" numBranchPoints="0" visitedBranchPoints="0" sequenceCoverage="0" branchCoverage="100" maxCyclomaticComplexity="1" minCyclomaticComplexity="1" visitedClasses="0" numClasses="0" visitedMethods="0" numMethods="1" />
              <MetadataToken />
              <Name>System.Collections.Generic.Dictionary`2&lt;System.String,Microsoft.AspNetCore.OpenApi.Generated.&lt;OpenApiXmlCommentSupport_generated&gt;F93395F21EC6A7D0B673C57E1A033BDC6CCA06C4871449C98E3C31FFA752FF8F5__XmlComment&gt; Microsoft.AspNetCore.OpenApi.Generated.&lt;OpenApiXmlCommentSupport_generated&gt;F93395F21EC6A7D0B673C57E1A033BDC6CCA06C4871449C98E3C31FFA752FF8F5__XmlCommentCache::GenerateCacheEntries()</Name>
              <FileRef uid="2" />
              <SequencePoints>
                <SequencePoint vc="0" uspid="69" ordinal="0" sl="69" sc="1" el="69" ec="2" bec="0" bev="0" fileid="2" />
                <SequencePoint vc="0" uspid="70" ordinal="1" sl="70" sc="1" el="70" ec="2" bec="0" bev="0" fileid="2" />
                <SequencePoint vc="0" uspid="73" ordinal="2" sl="73" sc="1" el="73" ec="2" bec="0" bev="0" fileid="2" />
                <SequencePoint vc="0" uspid="74" ordinal="3" sl="74" sc="1" el="74" ec="2" bec="0" bev="0" fileid="2" />
              </SequencePoints>
              <BranchPoints />
              <MethodPoint vc="0" uspid="0" p8:type="SequencePoint" ordinal="1" offset="1" sc="0" sl="69" ec="1" el="74" bec="0" bev="0" fileid="2" xmlns:p8="xsi" />
            </Method>
          </Methods>
        </Class>
        <Class>
          <Summary numSequencePoints="141" visitedSequencePoints="0" numBranchPoints="64" visitedBranchPoints="0" sequenceCoverage="0" branchCoverage="0" maxCyclomaticComplexity="28" minCyclomaticComplexity="2" visitedClasses="0" numClasses="1" visitedMethods="0" numMethods="5" />
          <FullName>Microsoft.AspNetCore.OpenApi.Generated.&lt;OpenApiXmlCommentSupport_generated&gt;F93395F21EC6A7D0B673C57E1A033BDC6CCA06C4871449C98E3C31FFA752FF8F5__DocumentationCommentIdHelper</FullName>
          <Methods>
            <Method cyclomaticComplexity="2" nPathComplexity="2" sequenceCoverage="0" branchCoverage="0" isConstructor="False" isGetter="False" isSetter="False" isStatic="True">
              <Summary numSequencePoints="6" visitedSequencePoints="0" numBranchPoints="2" visitedBranchPoints="0" sequenceCoverage="0" branchCoverage="0" maxCyclomaticComplexity="2" minCyclomaticComplexity="2" visitedClasses="0" numClasses="0" visitedMethods="0" numMethods="1" />
              <MetadataToken />
              <Name>System.String Microsoft.AspNetCore.OpenApi.Generated.&lt;OpenApiXmlCommentSupport_generated&gt;F93395F21EC6A7D0B673C57E1A033BDC6CCA06C4871449C98E3C31FFA752FF8F5__DocumentationCommentIdHelper::CreateDocumentationId(System.Type)</Name>
              <FileRef uid="2" />
              <SequencePoints>
                <SequencePoint vc="0" uspid="85" ordinal="0" sl="85" sc="1" el="85" ec="2" bec="0" bev="0" fileid="2" />
                <SequencePoint vc="0" uspid="86" ordinal="1" sl="86" sc="1" el="86" ec="2" bec="2" bev="0" fileid="2" />
                <SequencePoint vc="0" uspid="87" ordinal="2" sl="87" sc="1" el="87" ec="2" bec="0" bev="0" fileid="2" />
                <SequencePoint vc="0" uspid="88" ordinal="3" sl="88" sc="1" el="88" ec="2" bec="0" bev="0" fileid="2" />
                <SequencePoint vc="0" uspid="91" ordinal="4" sl="91" sc="1" el="91" ec="2" bec="0" bev="0" fileid="2" />
                <SequencePoint vc="0" uspid="92" ordinal="5" sl="92" sc="1" el="92" ec="2" bec="0" bev="0" fileid="2" />
              </SequencePoints>
              <BranchPoints>
                <BranchPoint vc="0" uspid="86" ordinal="0" path="0" offset="10" offsetend="12" sl="86" fileid="2" />
                <BranchPoint vc="0" uspid="86" ordinal="1" path="1" offset="10" offsetend="24" sl="86" fileid="2" />
              </BranchPoints>
              <MethodPoint vc="0" uspid="0" p8:type="SequencePoint" ordinal="0" offset="0" sc="0" sl="85" ec="1" el="92" bec="0" bev="0" fileid="2" xmlns:p8="xsi" />
            </Method>
            <Method cyclomaticComplexity="10" nPathComplexity="10" sequenceCoverage="0" branchCoverage="0" isConstructor="False" isGetter="False" isSetter="False" isStatic="True">
              <Summary numSequencePoints="28" visitedSequencePoints="0" numBranchPoints="10" visitedBranchPoints="0" sequenceCoverage="0" branchCoverage="0" maxCyclomaticComplexity="10" minCyclomaticComplexity="10" visitedClasses="0" numClasses="0" visitedMethods="0" numMethods="1" />
              <MetadataToken />
              <Name>System.String Microsoft.AspNetCore.OpenApi.Generated.&lt;OpenApiXmlCommentSupport_generated&gt;F93395F21EC6A7D0B673C57E1A033BDC6CCA06C4871449C98E3C31FFA752FF8F5__DocumentationCommentIdHelper::CreateDocumentationId(System.Reflection.PropertyInfo)</Name>
              <FileRef uid="2" />
              <SequencePoints>
                <SequencePoint vc="0" uspid="99" ordinal="0" sl="99" sc="1" el="99" ec="2" bec="0" bev="0" fileid="2" />
                <SequencePoint vc="0" uspid="100" ordinal="1" sl="100" sc="1" el="100" ec="2" bec="2" bev="0" fileid="2" />
                <SequencePoint vc="0" uspid="101" ordinal="2" sl="101" sc="1" el="101" ec="2" bec="0" bev="0" fileid="2" />
                <SequencePoint vc="0" uspid="102" ordinal="3" sl="102" sc="1" el="102" ec="2" bec="0" bev="0" fileid="2" />
                <SequencePoint vc="0" uspid="105" ordinal="4" sl="105" sc="1" el="105" ec="2" bec="0" bev="0" fileid="2" />
                <SequencePoint vc="0" uspid="106" ordinal="5" sl="106" sc="1" el="106" ec="2" bec="0" bev="0" fileid="2" />
                <SequencePoint vc="0" uspid="108" ordinal="6" sl="108" sc="1" el="108" ec="2" bec="2" bev="0" fileid="2" />
                <SequencePoint vc="0" uspid="109" ordinal="7" sl="109" sc="1" el="109" ec="2" bec="0" bev="0" fileid="2" />
                <SequencePoint vc="0" uspid="110" ordinal="8" sl="110" sc="1" el="110" ec="2" bec="0" bev="0" fileid="2" />
                <SequencePoint vc="0" uspid="111" ordinal="9" sl="111" sc="1" el="111" ec="2" bec="0" bev="0" fileid="2" />
                <SequencePoint vc="0" uspid="113" ordinal="10" sl="113" sc="1" el="113" ec="2" bec="0" bev="0" fileid="2" />
                <SequencePoint vc="0" uspid="114" ordinal="11" sl="114" sc="1" el="114" ec="2" bec="0" bev="0" fileid="2" />
                <SequencePoint vc="0" uspid="117" ordinal="12" sl="117" sc="1" el="117" ec="2" bec="0" bev="0" fileid="2" />
                <SequencePoint vc="0" uspid="118" ordinal="13" sl="118" sc="1" el="118" ec="2" bec="2" bev="0" fileid="2" />
                <SequencePoint vc="0" uspid="119" ordinal="14" sl="119" sc="1" el="119" ec="2" bec="0" bev="0" fileid="2" />
                <SequencePoint vc="0" uspid="120" ordinal="15" sl="120" sc="1" el="120" ec="2" bec="0" bev="0" fileid="2" />
                <SequencePoint vc="0" uspid="121" ordinal="16" sl="121" sc="1" el="121" ec="2" bec="2" bev="0" fileid="2" />
                <SequencePoint vc="0" uspid="122" ordinal="17" sl="122" sc="1" el="122" ec="2" bec="0" bev="0" fileid="2" />
                <SequencePoint vc="0" uspid="123" ordinal="18" sl="123" sc="1" el="123" ec="2" bec="2" bev="0" fileid="2" />
                <SequencePoint vc="0" uspid="124" ordinal="19" sl="124" sc="1" el="124" ec="2" bec="0" bev="0" fileid="2" />
                <SequencePoint vc="0" uspid="125" ordinal="20" sl="125" sc="1" el="125" ec="2" bec="0" bev="0" fileid="2" />
                <SequencePoint vc="0" uspid="126" ordinal="21" sl="126" sc="1" el="126" ec="2" bec="0" bev="0" fileid="2" />
                <SequencePoint vc="0" uspid="128" ordinal="22" sl="128" sc="1" el="128" ec="2" bec="0" bev="0" fileid="2" />
                <SequencePoint vc="0" uspid="129" ordinal="23" sl="129" sc="1" el="129" ec="2" bec="0" bev="0" fileid="2" />
                <SequencePoint vc="0" uspid="130" ordinal="24" sl="130" sc="1" el="130" ec="2" bec="0" bev="0" fileid="2" />
                <SequencePoint vc="0" uspid="131" ordinal="25" sl="131" sc="1" el="131" ec="2" bec="0" bev="0" fileid="2" />
                <SequencePoint vc="0" uspid="133" ordinal="26" sl="133" sc="1" el="133" ec="2" bec="0" bev="0" fileid="2" />
                <SequencePoint vc="0" uspid="134" ordinal="27" sl="134" sc="1" el="134" ec="2" bec="0" bev="0" fileid="2" />
              </SequencePoints>
              <BranchPoints>
                <BranchPoint vc="0" uspid="100" ordinal="0" path="0" offset="10" offsetend="12" sl="100" fileid="2" />
                <BranchPoint vc="0" uspid="100" ordinal="1" path="1" offset="10" offsetend="24" sl="100" fileid="2" />
                <BranchPoint vc="0" uspid="108" ordinal="2" path="0" offset="56" offsetend="58" sl="108" fileid="2" />
                <BranchPoint vc="0" uspid="108" ordinal="3" path="1" offset="56" offsetend="80" sl="108" fileid="2" />
                <BranchPoint vc="0" uspid="118" ordinal="4" path="0" offset="118" offsetend="120" sl="118" fileid="2" />
                <BranchPoint vc="0" uspid="121" ordinal="9" path="1" offset="199" offsetend="135" sl="121" fileid="2" />
                <BranchPoint vc="0" uspid="123" ordinal="6" path="0" offset="145" offsetend="147" sl="123" fileid="2" />
                <BranchPoint vc="0" uspid="123" ordinal="7" path="1" offset="145" offsetend="158" sl="123" fileid="2" />
                <BranchPoint vc="0" uspid="121" ordinal="8" path="0" offset="199" offsetend="201" sl="121" fileid="2" />
                <BranchPoint vc="0" uspid="118" ordinal="5" path="1" offset="118" offsetend="211" sl="118" fileid="2" />
              </BranchPoints>
              <MethodPoint vc="0" uspid="0" p8:type="SequencePoint" ordinal="1" offset="1" sc="0" sl="99" ec="1" el="134" bec="0" bev="0" fileid="2" xmlns:p8="xsi" />
            </Method>
            <Method cyclomaticComplexity="18" nPathComplexity="18" sequenceCoverage="0" branchCoverage="0" isConstructor="False" isGetter="False" isSetter="False" isStatic="True">
              <Summary numSequencePoints="44" visitedSequencePoints="0" numBranchPoints="18" visitedBranchPoints="0" sequenceCoverage="0" branchCoverage="0" maxCyclomaticComplexity="18" minCyclomaticComplexity="18" visitedClasses="0" numClasses="0" visitedMethods="0" numMethods="1" />
              <MetadataToken />
              <Name>System.String Microsoft.AspNetCore.OpenApi.Generated.&lt;OpenApiXmlCommentSupport_generated&gt;F93395F21EC6A7D0B673C57E1A033BDC6CCA06C4871449C98E3C31FFA752FF8F5__DocumentationCommentIdHelper::CreateDocumentationId(System.Reflection.MethodInfo)</Name>
              <FileRef uid="2" />
              <SequencePoints>
                <SequencePoint vc="0" uspid="143" ordinal="0" sl="143" sc="1" el="143" ec="2" bec="0" bev="0" fileid="2" />
                <SequencePoint vc="0" uspid="144" ordinal="1" sl="144" sc="1" el="144" ec="2" bec="2" bev="0" fileid="2" />
                <SequencePoint vc="0" uspid="145" ordinal="2" sl="145" sc="1" el="145" ec="2" bec="0" bev="0" fileid="2" />
                <SequencePoint vc="0" uspid="146" ordinal="3" sl="146" sc="1" el="146" ec="2" bec="0" bev="0" fileid="2" />
                <SequencePoint vc="0" uspid="149" ordinal="4" sl="149" sc="1" el="149" ec="2" bec="0" bev="0" fileid="2" />
                <SequencePoint vc="0" uspid="150" ordinal="5" sl="150" sc="1" el="150" ec="2" bec="0" bev="0" fileid="2" />
                <SequencePoint vc="0" uspid="153" ordinal="6" sl="153" sc="1" el="153" ec="2" bec="2" bev="0" fileid="2" />
                <SequencePoint vc="0" uspid="154" ordinal="7" sl="154" sc="1" el="154" ec="2" bec="0" bev="0" fileid="2" />
                <SequencePoint vc="0" uspid="155" ordinal="8" sl="155" sc="1" el="155" ec="2" bec="0" bev="0" fileid="2" />
                <SequencePoint vc="0" uspid="156" ordinal="9" sl="156" sc="1" el="156" ec="2" bec="0" bev="0" fileid="2" />
                <SequencePoint vc="0" uspid="158" ordinal="10" sl="158" sc="1" el="158" ec="2" bec="0" bev="0" fileid="2" />
                <SequencePoint vc="0" uspid="161" ordinal="11" sl="161" sc="1" el="161" ec="2" bec="2" bev="0" fileid="2" />
                <SequencePoint vc="0" uspid="162" ordinal="12" sl="162" sc="1" el="162" ec="2" bec="0" bev="0" fileid="2" />
                <SequencePoint vc="0" uspid="163" ordinal="13" sl="163" sc="1" el="163" ec="2" bec="2" bev="0" fileid="2" />
                <SequencePoint vc="0" uspid="164" ordinal="14" sl="164" sc="1" el="164" ec="2" bec="0" bev="0" fileid="2" />
                <SequencePoint vc="0" uspid="166" ordinal="15" sl="166" sc="1" el="166" ec="2" bec="0" bev="0" fileid="2" />
                <SequencePoint vc="0" uspid="167" ordinal="16" sl="167" sc="1" el="167" ec="2" bec="0" bev="0" fileid="2" />
                <SequencePoint vc="0" uspid="168" ordinal="17" sl="168" sc="1" el="168" ec="2" bec="2" bev="0" fileid="2" />
                <SequencePoint vc="0" uspid="169" ordinal="18" sl="169" sc="1" el="169" ec="2" bec="0" bev="0" fileid="2" />
                <SequencePoint vc="0" uspid="170" ordinal="19" sl="170" sc="1" el="170" ec="2" bec="0" bev="0" fileid="2" />
                <SequencePoint vc="0" uspid="171" ordinal="20" sl="171" sc="1" el="171" ec="2" bec="0" bev="0" fileid="2" />
                <SequencePoint vc="0" uspid="172" ordinal="21" sl="172" sc="1" el="172" ec="2" bec="0" bev="0" fileid="2" />
                <SequencePoint vc="0" uspid="173" ordinal="22" sl="173" sc="1" el="173" ec="2" bec="0" bev="0" fileid="2" />
                <SequencePoint vc="0" uspid="176" ordinal="23" sl="176" sc="1" el="176" ec="2" bec="0" bev="0" fileid="2" />
                <SequencePoint vc="0" uspid="177" ordinal="24" sl="177" sc="1" el="177" ec="2" bec="2" bev="0" fileid="2" />
                <SequencePoint vc="0" uspid="178" ordinal="25" sl="178" sc="1" el="178" ec="2" bec="0" bev="0" fileid="2" />
                <SequencePoint vc="0" uspid="179" ordinal="26" sl="179" sc="1" el="179" ec="2" bec="0" bev="0" fileid="2" />
                <SequencePoint vc="0" uspid="180" ordinal="27" sl="180" sc="1" el="180" ec="2" bec="2" bev="0" fileid="2" />
                <SequencePoint vc="0" uspid="181" ordinal="28" sl="181" sc="1" el="181" ec="2" bec="0" bev="0" fileid="2" />
                <SequencePoint vc="0" uspid="182" ordinal="29" sl="182" sc="1" el="182" ec="2" bec="2" bev="0" fileid="2" />
                <SequencePoint vc="0" uspid="183" ordinal="30" sl="183" sc="1" el="183" ec="2" bec="0" bev="0" fileid="2" />
                <SequencePoint vc="0" uspid="184" ordinal="31" sl="184" sc="1" el="184" ec="2" bec="0" bev="0" fileid="2" />
                <SequencePoint vc="0" uspid="185" ordinal="32" sl="185" sc="1" el="185" ec="2" bec="0" bev="0" fileid="2" />
                <SequencePoint vc="0" uspid="188" ordinal="33" sl="188" sc="1" el="188" ec="2" bec="0" bev="0" fileid="2" />
                <SequencePoint vc="0" uspid="189" ordinal="34" sl="189" sc="1" el="189" ec="2" bec="0" bev="0" fileid="2" />
                <SequencePoint vc="0" uspid="190" ordinal="35" sl="190" sc="1" el="190" ec="2" bec="0" bev="0" fileid="2" />
                <SequencePoint vc="0" uspid="191" ordinal="36" sl="191" sc="1" el="191" ec="2" bec="0" bev="0" fileid="2" />
                <SequencePoint vc="0" uspid="194" ordinal="37" sl="194" sc="1" el="194" ec="2" bec="2" bev="0" fileid="2" />
                <SequencePoint vc="0" uspid="195" ordinal="38" sl="195" sc="1" el="195" ec="2" bec="0" bev="0" fileid="2" />
                <SequencePoint vc="0" uspid="196" ordinal="39" sl="196" sc="1" el="196" ec="2" bec="0" bev="0" fileid="2" />
                <SequencePoint vc="0" uspid="198" ordinal="40" sl="198" sc="1" el="198" ec="2" bec="0" bev="0" fileid="2" />
                <SequencePoint vc="0" uspid="199" ordinal="41" sl="199" sc="1" el="199" ec="2" bec="0" bev="0" fileid="2" />
                <SequencePoint vc="0" uspid="201" ordinal="42" sl="201" sc="1" el="201" ec="2" bec="0" bev="0" fileid="2" />
                <SequencePoint vc="0" uspid="202" ordinal="43" sl="202" sc="1" el="202" ec="2" bec="0" bev="0" fileid="2" />
              </SequencePoints>
              <BranchPoints>
                <BranchPoint vc="0" uspid="144" ordinal="0" path="0" offset="10" offsetend="12" sl="144" fileid="2" />
                <BranchPoint vc="0" uspid="144" ordinal="1" path="1" offset="10" offsetend="24" sl="144" fileid="2" />
                <BranchPoint vc="0" uspid="153" ordinal="2" path="0" offset="56" offsetend="58" sl="153" fileid="2" />
                <BranchPoint vc="0" uspid="153" ordinal="3" path="1" offset="56" offsetend="80" sl="153" fileid="2" />
                <BranchPoint vc="0" uspid="161" ordinal="4" path="0" offset="99" offsetend="101" sl="161" fileid="2" />
                <BranchPoint vc="0" uspid="163" ordinal="6" path="0" offset="109" offsetend="111" sl="163" fileid="2" />
                <BranchPoint vc="0" uspid="163" ordinal="7" path="1" offset="109" offsetend="118" sl="163" fileid="2" />
                <BranchPoint vc="0" uspid="161" ordinal="5" path="1" offset="99" offsetend="132" sl="161" fileid="2" />
                <BranchPoint vc="0" uspid="168" ordinal="8" path="0" offset="156" offsetend="158" sl="168" fileid="2" />
                <BranchPoint vc="0" uspid="168" ordinal="9" path="1" offset="156" offsetend="202" sl="168" fileid="2" />
                <BranchPoint vc="0" uspid="177" ordinal="10" path="0" offset="219" offsetend="221" sl="177" fileid="2" />
                <BranchPoint vc="0" uspid="180" ordinal="15" path="1" offset="300" offsetend="236" sl="180" fileid="2" />
                <BranchPoint vc="0" uspid="182" ordinal="12" path="0" offset="246" offsetend="248" sl="182" fileid="2" />
                <BranchPoint vc="0" uspid="182" ordinal="13" path="1" offset="246" offsetend="259" sl="182" fileid="2" />
                <BranchPoint vc="0" uspid="180" ordinal="14" path="0" offset="300" offsetend="302" sl="180" fileid="2" />
                <BranchPoint vc="0" uspid="177" ordinal="11" path="1" offset="219" offsetend="312" sl="177" fileid="2" />
                <BranchPoint vc="0" uspid="194" ordinal="16" path="0" offset="337" offsetend="339" sl="194" fileid="2" />
                <BranchPoint vc="0" uspid="194" ordinal="17" path="1" offset="337" offsetend="370" sl="194" fileid="2" />
              </BranchPoints>
              <MethodPoint vc="0" uspid="0" p8:type="SequencePoint" ordinal="2" offset="2" sc="0" sl="143" ec="1" el="202" bec="0" bev="0" fileid="2" xmlns:p8="xsi" />
            </Method>
            <Method cyclomaticComplexity="28" nPathComplexity="28" sequenceCoverage="0" branchCoverage="0" isConstructor="False" isGetter="False" isSetter="False" isStatic="True">
              <Summary numSequencePoints="53" visitedSequencePoints="0" numBranchPoints="28" visitedBranchPoints="0" sequenceCoverage="0" branchCoverage="0" maxCyclomaticComplexity="28" minCyclomaticComplexity="28" visitedClasses="0" numClasses="0" visitedMethods="0" numMethods="1" />
              <MetadataToken />
              <Name>System.String Microsoft.AspNetCore.OpenApi.Generated.&lt;OpenApiXmlCommentSupport_generated&gt;F93395F21EC6A7D0B673C57E1A033BDC6CCA06C4871449C98E3C31FFA752FF8F5__DocumentationCommentIdHelper::GetTypeDocId(System.Type,System.Boolean,System.Boolean)</Name>
              <FileRef uid="2" />
              <SequencePoints>
                <SequencePoint vc="0" uspid="213" ordinal="0" sl="213" sc="1" el="213" ec="2" bec="0" bev="0" fileid="2" />
                <SequencePoint vc="0" uspid="214" ordinal="1" sl="214" sc="1" el="214" ec="2" bec="2" bev="0" fileid="2" />
                <SequencePoint vc="0" uspid="215" ordinal="2" sl="215" sc="1" el="215" ec="2" bec="0" bev="0" fileid="2" />
                <SequencePoint vc="0" uspid="217" ordinal="3" sl="217" sc="1" el="217" ec="2" bec="2" bev="0" fileid="2" />
                <SequencePoint vc="0" uspid="218" ordinal="4" sl="218" sc="1" el="218" ec="2" bec="0" bev="0" fileid="2" />
                <SequencePoint vc="0" uspid="219" ordinal="5" sl="219" sc="1" el="219" ec="2" bec="0" bev="0" fileid="2" />
                <SequencePoint vc="0" uspid="221" ordinal="6" sl="221" sc="1" el="221" ec="2" bec="2" bev="0" fileid="2" />
                <SequencePoint vc="0" uspid="222" ordinal="7" sl="222" sc="1" el="222" ec="2" bec="0" bev="0" fileid="2" />
                <SequencePoint vc="0" uspid="223" ordinal="8" sl="223" sc="1" el="223" ec="2" bec="0" bev="0" fileid="2" />
                <SequencePoint vc="0" uspid="226" ordinal="9" sl="226" sc="1" el="226" ec="2" bec="0" bev="0" fileid="2" />
                <SequencePoint vc="0" uspid="227" ordinal="10" sl="227" sc="1" el="227" ec="2" bec="0" bev="0" fileid="2" />
                <SequencePoint vc="0" uspid="231" ordinal="11" sl="231" sc="1" el="231" ec="2" bec="2" bev="0" fileid="2" />
                <SequencePoint vc="0" uspid="232" ordinal="12" sl="232" sc="1" el="232" ec="2" bec="0" bev="0" fileid="2" />
                <SequencePoint vc="0" uspid="233" ordinal="13" sl="233" sc="1" el="233" ec="2" bec="0" bev="0" fileid="2" />
                <SequencePoint vc="0" uspid="234" ordinal="14" sl="234" sc="1" el="234" ec="2" bec="2" bev="0" fileid="2" />
                <SequencePoint vc="0" uspid="236" ordinal="15" sl="236" sc="1" el="236" ec="2" bec="0" bev="0" fileid="2" />
                <SequencePoint vc="0" uspid="239" ordinal="16" sl="239" sc="1" el="239" ec="2" bec="2" bev="0" fileid="2" />
                <SequencePoint vc="0" uspid="240" ordinal="17" sl="240" sc="1" el="240" ec="2" bec="0" bev="0" fileid="2" />
                <SequencePoint vc="0" uspid="241" ordinal="18" sl="241" sc="1" el="241" ec="2" bec="0" bev="0" fileid="2" />
                <SequencePoint vc="0" uspid="242" ordinal="19" sl="242" sc="1" el="242" ec="2" bec="2" bev="0" fileid="2" />
                <SequencePoint vc="0" uspid="243" ordinal="20" sl="243" sc="1" el="243" ec="2" bec="0" bev="0" fileid="2" />
                <SequencePoint vc="0" uspid="244" ordinal="21" sl="244" sc="1" el="244" ec="2" bec="0" bev="0" fileid="2" />
                <SequencePoint vc="0" uspid="245" ordinal="22" sl="245" sc="1" el="245" ec="2" bec="0" bev="0" fileid="2" />
                <SequencePoint vc="0" uspid="246" ordinal="23" sl="246" sc="1" el="246" ec="2" bec="2" bev="0" fileid="2" />
                <SequencePoint vc="0" uspid="247" ordinal="24" sl="247" sc="1" el="247" ec="2" bec="0" bev="0" fileid="2" />
                <SequencePoint vc="0" uspid="248" ordinal="25" sl="248" sc="1" el="248" ec="2" bec="0" bev="0" fileid="2" />
                <SequencePoint vc="0" uspid="251" ordinal="26" sl="251" sc="1" el="251" ec="2" bec="0" bev="0" fileid="2" />
                <SequencePoint vc="0" uspid="252" ordinal="27" sl="252" sc="1" el="252" ec="2" bec="0" bev="0" fileid="2" />
                <SequencePoint vc="0" uspid="253" ordinal="28" sl="253" sc="1" el="253" ec="2" bec="0" bev="0" fileid="2" />
                <SequencePoint vc="0" uspid="254" ordinal="29" sl="254" sc="1" el="254" ec="2" bec="0" bev="0" fileid="2" />
                <SequencePoint vc="0" uspid="256" ordinal="30" sl="256" sc="1" el="256" ec="2" bec="2" bev="0" fileid="2" />
                <SequencePoint vc="0" uspid="257" ordinal="31" sl="257" sc="1" el="257" ec="2" bec="0" bev="0" fileid="2" />
                <SequencePoint vc="0" uspid="258" ordinal="32" sl="258" sc="1" el="258" ec="2" bec="0" bev="0" fileid="2" />
                <SequencePoint vc="0" uspid="259" ordinal="33" sl="259" sc="1" el="259" ec="2" bec="0" bev="0" fileid="2" />
                <SequencePoint vc="0" uspid="260" ordinal="34" sl="260" sc="1" el="260" ec="2" bec="0" bev="0" fileid="2" />
                <SequencePoint vc="0" uspid="261" ordinal="35" sl="261" sc="1" el="261" ec="2" bec="0" bev="0" fileid="2" />
                <SequencePoint vc="0" uspid="263" ordinal="36" sl="263" sc="1" el="263" ec="2" bec="4" bev="0" fileid="2" />
                <SequencePoint vc="0" uspid="264" ordinal="37" sl="264" sc="1" el="264" ec="2" bec="0" bev="0" fileid="2" />
                <SequencePoint vc="0" uspid="265" ordinal="38" sl="265" sc="1" el="265" ec="2" bec="0" bev="0" fileid="2" />
                <SequencePoint vc="0" uspid="266" ordinal="39" sl="266" sc="1" el="266" ec="2" bec="0" bev="0" fileid="2" />
                <SequencePoint vc="0" uspid="268" ordinal="40" sl="268" sc="1" el="268" ec="2" bec="2" bev="0" fileid="2" />
                <SequencePoint vc="0" uspid="269" ordinal="41" sl="269" sc="1" el="269" ec="2" bec="0" bev="0" fileid="2" />
                <SequencePoint vc="0" uspid="270" ordinal="42" sl="270" sc="1" el="270" ec="2" bec="2" bev="0" fileid="2" />
                <SequencePoint vc="0" uspid="271" ordinal="43" sl="271" sc="1" el="271" ec="2" bec="0" bev="0" fileid="2" />
                <SequencePoint vc="0" uspid="272" ordinal="44" sl="272" sc="1" el="272" ec="2" bec="0" bev="0" fileid="2" />
                <SequencePoint vc="0" uspid="273" ordinal="45" sl="273" sc="1" el="273" ec="2" bec="0" bev="0" fileid="2" />
                <SequencePoint vc="0" uspid="275" ordinal="46" sl="275" sc="1" el="275" ec="2" bec="0" bev="0" fileid="2" />
                <SequencePoint vc="0" uspid="276" ordinal="47" sl="276" sc="1" el="276" ec="2" bec="0" bev="0" fileid="2" />
                <SequencePoint vc="0" uspid="278" ordinal="48" sl="278" sc="1" el="278" ec="2" bec="0" bev="0" fileid="2" />
                <SequencePoint vc="0" uspid="279" ordinal="49" sl="279" sc="1" el="279" ec="2" bec="0" bev="0" fileid="2" />
                <SequencePoint vc="0" uspid="281" ordinal="50" sl="281" sc="1" el="281" ec="2" bec="0" bev="0" fileid="2" />
                <SequencePoint vc="0" uspid="285" ordinal="51" sl="285" sc="1" el="285" ec="2" bec="2" bev="0" fileid="2" />
                <SequencePoint vc="0" uspid="286" ordinal="52" sl="286" sc="1" el="286" ec="2" bec="0" bev="0" fileid="2" />
              </SequencePoints>
              <BranchPoints>
                <BranchPoint vc="0" uspid="214" ordinal="0" path="0" offset="9" offsetend="11" sl="214" fileid="2" />
                <BranchPoint vc="0" uspid="217" ordinal="2" path="0" offset="26" offsetend="28" sl="217" fileid="2" />
                <BranchPoint vc="0" uspid="217" ordinal="3" path="1" offset="26" offsetend="59" sl="217" fileid="2" />
                <BranchPoint vc="0" uspid="221" ordinal="4" path="0" offset="75" offsetend="77" sl="221" fileid="2" />
                <BranchPoint vc="0" uspid="221" ordinal="5" path="1" offset="75" offsetend="108" sl="221" fileid="2" />
                <BranchPoint vc="0" uspid="214" ordinal="1" path="1" offset="9" offsetend="121" sl="214" fileid="2" />
                <BranchPoint vc="0" uspid="231" ordinal="6" path="0" offset="131" offsetend="136" sl="231" fileid="2" />
                <BranchPoint vc="0" uspid="234" ordinal="8" path="0" offset="153" offsetend="155" sl="234" fileid="2" />
                <BranchPoint vc="0" uspid="234" ordinal="9" path="1" offset="153" offsetend="163" sl="234" fileid="2" />
                <BranchPoint vc="0" uspid="239" ordinal="15" path="1" offset="271" offsetend="184" sl="239" fileid="2" />
                <BranchPoint vc="0" uspid="242" ordinal="10" path="0" offset="206" offsetend="208" sl="242" fileid="2" />
                <BranchPoint vc="0" uspid="242" ordinal="11" path="1" offset="206" offsetend="222" sl="242" fileid="2" />
                <BranchPoint vc="0" uspid="246" ordinal="12" path="0" offset="232" offsetend="234" sl="246" fileid="2" />
                <BranchPoint vc="0" uspid="246" ordinal="13" path="1" offset="232" offsetend="237" sl="246" fileid="2" />
                <BranchPoint vc="0" uspid="239" ordinal="14" path="0" offset="271" offsetend="273" sl="239" fileid="2" />
                <BranchPoint vc="0" uspid="256" ordinal="16" path="0" offset="281" offsetend="283" sl="256" fileid="2" />
                <BranchPoint vc="0" uspid="256" ordinal="17" path="1" offset="281" offsetend="331" sl="256" fileid="2" />
                <BranchPoint vc="0" uspid="263" ordinal="18" path="0" offset="332" offsetend="334" sl="263" fileid="2" />
                <BranchPoint vc="0" uspid="263" ordinal="19" path="1" offset="332" offsetend="345" sl="263" fileid="2" />
                <BranchPoint vc="0" uspid="263" ordinal="20" path="0" offset="350" offsetend="352" sl="263" fileid="2" />
                <BranchPoint vc="0" uspid="268" ordinal="25" path="1" offset="439" offsetend="376" sl="268" fileid="2" />
                <BranchPoint vc="0" uspid="270" ordinal="22" path="0" offset="386" offsetend="388" sl="270" fileid="2" />
                <BranchPoint vc="0" uspid="270" ordinal="23" path="1" offset="386" offsetend="400" sl="270" fileid="2" />
                <BranchPoint vc="0" uspid="268" ordinal="24" path="0" offset="439" offsetend="441" sl="268" fileid="2" />
                <BranchPoint vc="0" uspid="263" ordinal="21" path="1" offset="350" offsetend="452" sl="263" fileid="2" />
                <BranchPoint vc="0" uspid="231" ordinal="7" path="1" offset="131" offsetend="462" sl="231" fileid="2" />
                <BranchPoint vc="0" uspid="285" ordinal="26" path="0" offset="469" offsetend="471" sl="285" fileid="2" />
                <BranchPoint vc="0" uspid="285" ordinal="27" path="1" offset="469" offsetend="478" sl="285" fileid="2" />
              </BranchPoints>
              <MethodPoint vc="0" uspid="0" p8:type="SequencePoint" ordinal="3" offset="3" sc="0" sl="213" ec="1" el="286" bec="0" bev="0" fileid="2" xmlns:p8="xsi" />
            </Method>
            <Method cyclomaticComplexity="6" nPathComplexity="6" sequenceCoverage="0" branchCoverage="0" isConstructor="False" isGetter="False" isSetter="False" isStatic="True">
              <Summary numSequencePoints="10" visitedSequencePoints="0" numBranchPoints="6" visitedBranchPoints="0" sequenceCoverage="0" branchCoverage="0" maxCyclomaticComplexity="6" minCyclomaticComplexity="6" visitedClasses="0" numClasses="0" visitedMethods="0" numMethods="1" />
              <MetadataToken />
              <Name>System.String Microsoft.AspNetCore.OpenApi.Generated.&lt;OpenApiXmlCommentSupport_generated&gt;F93395F21EC6A7D0B673C57E1A033BDC6CCA06C4871449C98E3C31FFA752FF8F5__DocumentationCommentIdHelper::NormalizeDocId(System.String)</Name>
              <FileRef uid="2" />
              <SequencePoints>
                <SequencePoint vc="0" uspid="295" ordinal="0" sl="295" sc="1" el="295" ec="2" bec="0" bev="0" fileid="2" />
                <SequencePoint vc="0" uspid="297" ordinal="1" sl="297" sc="1" el="297" ec="2" bec="0" bev="0" fileid="2" />
                <SequencePoint vc="0" uspid="298" ordinal="2" sl="298" sc="1" el="298" ec="2" bec="2" bev="0" fileid="2" />
                <SequencePoint vc="0" uspid="299" ordinal="3" sl="299" sc="1" el="299" ec="2" bec="0" bev="0" fileid="2" />
                <SequencePoint vc="0" uspid="301" ordinal="4" sl="301" sc="1" el="301" ec="2" bec="0" bev="0" fileid="2" />
                <SequencePoint vc="0" uspid="306" ordinal="5" sl="306" sc="1" el="306" ec="2" bec="4" bev="0" fileid="2" />
                <SequencePoint vc="0" uspid="307" ordinal="6" sl="307" sc="1" el="307" ec="2" bec="0" bev="0" fileid="2" />
                <SequencePoint vc="0" uspid="308" ordinal="7" sl="308" sc="1" el="308" ec="2" bec="0" bev="0" fileid="2" />
                <SequencePoint vc="0" uspid="312" ordinal="8" sl="312" sc="1" el="312" ec="2" bec="0" bev="0" fileid="2" />
                <SequencePoint vc="0" uspid="313" ordinal="9" sl="313" sc="1" el="313" ec="2" bec="0" bev="0" fileid="2" />
              </SequencePoints>
              <BranchPoints>
                <BranchPoint vc="0" uspid="298" ordinal="0" path="0" offset="16" offsetend="18" sl="298" fileid="2" />
                <BranchPoint vc="0" uspid="298" ordinal="1" path="1" offset="16" offsetend="23" sl="298" fileid="2" />
                <BranchPoint vc="0" uspid="306" ordinal="2" path="0" offset="34" offsetend="36" sl="306" fileid="2" />
                <BranchPoint vc="0" uspid="306" ordinal="3" path="1" offset="34" offsetend="49" sl="306" fileid="2" />
                <BranchPoint vc="0" uspid="306" ordinal="4" path="0" offset="52" offsetend="54" sl="306" fileid="2" />
                <BranchPoint vc="0" uspid="306" ordinal="5" path="1" offset="52" offsetend="59" sl="306" fileid="2" />
              </BranchPoints>
              <MethodPoint vc="0" uspid="0" p8:type="SequencePoint" ordinal="4" offset="4" sc="0" sl="295" ec="1" el="313" bec="0" bev="0" fileid="2" xmlns:p8="xsi" />
            </Method>
          </Methods>
        </Class>
        <Class>
          <Summary numSequencePoints="90" visitedSequencePoints="0" numBranchPoints="60" visitedBranchPoints="0" sequenceCoverage="0" branchCoverage="0" maxCyclomaticComplexity="54" minCyclomaticComplexity="6" visitedClasses="0" numClasses="1" visitedMethods="0" numMethods="2" />
          <FullName>Microsoft.AspNetCore.OpenApi.Generated.&lt;OpenApiXmlCommentSupport_generated&gt;F93395F21EC6A7D0B673C57E1A033BDC6CCA06C4871449C98E3C31FFA752FF8F5__XmlCommentOperationTransformer</FullName>
          <Methods>
            <Method cyclomaticComplexity="54" nPathComplexity="54" sequenceCoverage="0" branchCoverage="0" isConstructor="False" isGetter="False" isSetter="False" isStatic="True">
              <Summary numSequencePoints="76" visitedSequencePoints="0" numBranchPoints="54" visitedBranchPoints="0" sequenceCoverage="0" branchCoverage="0" maxCyclomaticComplexity="54" minCyclomaticComplexity="54" visitedClasses="0" numClasses="0" visitedMethods="0" numMethods="1" />
              <MetadataToken />
              <Name>System.Threading.Tasks.Task Microsoft.AspNetCore.OpenApi.Generated.&lt;OpenApiXmlCommentSupport_generated&gt;F93395F21EC6A7D0B673C57E1A033BDC6CCA06C4871449C98E3C31FFA752FF8F5__XmlCommentOperationTransformer::TransformAsync(Microsoft.OpenApi.OpenApiOperation,Microsoft.AspNetCore.OpenApi.OpenApiOperationTransformerContext,System.Threading.CancellationToken)</Name>
              <FileRef uid="2" />
              <SequencePoints>
                <SequencePoint vc="0" uspid="320" ordinal="0" sl="320" sc="1" el="320" ec="2" bec="0" bev="0" fileid="2" />
                <SequencePoint vc="0" uspid="321" ordinal="1" sl="321" sc="1" el="321" ec="2" bec="2" bev="0" fileid="2" />
                <SequencePoint vc="0" uspid="322" ordinal="2" sl="322" sc="1" el="322" ec="2" bec="0" bev="0" fileid="2" />
                <SequencePoint vc="0" uspid="323" ordinal="3" sl="323" sc="1" el="323" ec="2" bec="0" bev="0" fileid="2" />
                <SequencePoint vc="0" uspid="325" ordinal="4" sl="325" sc="1" el="325" ec="2" bec="2" bev="0" fileid="2" />
                <SequencePoint vc="0" uspid="326" ordinal="5" sl="326" sc="1" el="326" ec="2" bec="0" bev="0" fileid="2" />
                <SequencePoint vc="0" uspid="327" ordinal="6" sl="327" sc="1" el="327" ec="2" bec="0" bev="0" fileid="2" />
                <SequencePoint vc="0" uspid="329" ordinal="7" sl="329" sc="1" el="329" ec="2" bec="2" bev="0" fileid="2" />
                <SequencePoint vc="0" uspid="330" ordinal="8" sl="330" sc="1" el="330" ec="2" bec="0" bev="0" fileid="2" />
                <SequencePoint vc="0" uspid="331" ordinal="9" sl="331" sc="1" el="331" ec="2" bec="2" bev="0" fileid="2" />
                <SequencePoint vc="0" uspid="332" ordinal="10" sl="332" sc="1" el="332" ec="2" bec="0" bev="0" fileid="2" />
                <SequencePoint vc="0" uspid="333" ordinal="11" sl="333" sc="1" el="333" ec="2" bec="0" bev="0" fileid="2" />
                <SequencePoint vc="0" uspid="334" ordinal="12" sl="334" sc="1" el="334" ec="2" bec="0" bev="0" fileid="2" />
                <SequencePoint vc="0" uspid="335" ordinal="13" sl="335" sc="1" el="335" ec="2" bec="2" bev="0" fileid="2" />
                <SequencePoint vc="0" uspid="336" ordinal="14" sl="336" sc="1" el="336" ec="2" bec="0" bev="0" fileid="2" />
                <SequencePoint vc="0" uspid="337" ordinal="15" sl="337" sc="1" el="337" ec="2" bec="0" bev="0" fileid="2" />
                <SequencePoint vc="0" uspid="338" ordinal="16" sl="338" sc="1" el="338" ec="2" bec="0" bev="0" fileid="2" />
                <SequencePoint vc="0" uspid="339" ordinal="17" sl="339" sc="1" el="339" ec="2" bec="2" bev="0" fileid="2" />
                <SequencePoint vc="0" uspid="340" ordinal="18" sl="340" sc="1" el="340" ec="2" bec="0" bev="0" fileid="2" />
                <SequencePoint vc="0" uspid="341" ordinal="19" sl="341" sc="1" el="341" ec="2" bec="0" bev="0" fileid="2" />
                <SequencePoint vc="0" uspid="342" ordinal="20" sl="342" sc="1" el="342" ec="2" bec="0" bev="0" fileid="2" />
                <SequencePoint vc="0" uspid="343" ordinal="21" sl="343" sc="1" el="343" ec="2" bec="4" bev="0" fileid="2" />
                <SequencePoint vc="0" uspid="344" ordinal="22" sl="344" sc="1" el="344" ec="2" bec="0" bev="0" fileid="2" />
                <SequencePoint vc="0" uspid="345" ordinal="23" sl="345" sc="1" el="345" ec="2" bec="2" bev="0" fileid="2" />
                <SequencePoint vc="0" uspid="346" ordinal="24" sl="346" sc="1" el="346" ec="2" bec="0" bev="0" fileid="2" />
                <SequencePoint vc="0" uspid="347" ordinal="25" sl="347" sc="1" el="347" ec="2" bec="0" bev="0" fileid="2" />
                <SequencePoint vc="0" uspid="348" ordinal="26" sl="348" sc="1" el="348" ec="2" bec="2" bev="0" fileid="2" />
                <SequencePoint vc="0" uspid="349" ordinal="27" sl="349" sc="1" el="349" ec="2" bec="2" bev="0" fileid="2" />
                <SequencePoint vc="0" uspid="350" ordinal="28" sl="350" sc="1" el="350" ec="2" bec="0" bev="0" fileid="2" />
                <SequencePoint vc="0" uspid="351" ordinal="29" sl="351" sc="1" el="351" ec="2" bec="0" bev="0" fileid="2" />
                <SequencePoint vc="0" uspid="352" ordinal="30" sl="352" sc="1" el="352" ec="2" bec="0" bev="0" fileid="2" />
                <SequencePoint vc="0" uspid="353" ordinal="31" sl="353" sc="1" el="353" ec="2" bec="2" bev="0" fileid="2" />
                <SequencePoint vc="0" uspid="354" ordinal="32" sl="354" sc="1" el="354" ec="2" bec="0" bev="0" fileid="2" />
                <SequencePoint vc="0" uspid="355" ordinal="33" sl="355" sc="1" el="355" ec="2" bec="0" bev="0" fileid="2" />
                <SequencePoint vc="0" uspid="356" ordinal="34" sl="356" sc="1" el="356" ec="2" bec="0" bev="0" fileid="2" />
                <SequencePoint vc="0" uspid="357" ordinal="35" sl="357" sc="1" el="357" ec="2" bec="0" bev="0" fileid="2" />
                <SequencePoint vc="0" uspid="358" ordinal="36" sl="358" sc="1" el="358" ec="2" bec="0" bev="0" fileid="2" />
                <SequencePoint vc="0" uspid="360" ordinal="37" sl="360" sc="1" el="360" ec="2" bec="0" bev="0" fileid="2" />
                <SequencePoint vc="0" uspid="361" ordinal="38" sl="361" sc="1" el="361" ec="2" bec="0" bev="0" fileid="2" />
                <SequencePoint vc="0" uspid="362" ordinal="39" sl="362" sc="1" el="362" ec="2" bec="2" bev="0" fileid="2" />
                <SequencePoint vc="0" uspid="363" ordinal="40" sl="363" sc="1" el="363" ec="2" bec="0" bev="0" fileid="2" />
                <SequencePoint vc="0" uspid="364" ordinal="41" sl="364" sc="1" el="364" ec="2" bec="0" bev="0" fileid="2" />
                <SequencePoint vc="0" uspid="365" ordinal="42" sl="365" sc="1" el="365" ec="2" bec="2" bev="0" fileid="2" />
                <SequencePoint vc="0" uspid="366" ordinal="43" sl="366" sc="1" el="366" ec="2" bec="0" bev="0" fileid="2" />
                <SequencePoint vc="0" uspid="367" ordinal="44" sl="367" sc="1" el="367" ec="2" bec="4" bev="0" fileid="2" />
                <SequencePoint vc="0" uspid="368" ordinal="45" sl="368" sc="1" el="368" ec="2" bec="2" bev="0" fileid="2" />
                <SequencePoint vc="0" uspid="369" ordinal="46" sl="369" sc="1" el="369" ec="2" bec="0" bev="0" fileid="2" />
                <SequencePoint vc="0" uspid="370" ordinal="47" sl="370" sc="1" el="370" ec="2" bec="0" bev="0" fileid="2" />
                <SequencePoint vc="0" uspid="372" ordinal="48" sl="372" sc="1" el="372" ec="2" bec="2" bev="0" fileid="2" />
                <SequencePoint vc="0" uspid="373" ordinal="49" sl="373" sc="1" el="373" ec="2" bec="0" bev="0" fileid="2" />
                <SequencePoint vc="0" uspid="374" ordinal="50" sl="374" sc="1" el="374" ec="2" bec="0" bev="0" fileid="2" />
                <SequencePoint vc="0" uspid="375" ordinal="51" sl="375" sc="1" el="375" ec="2" bec="0" bev="0" fileid="2" />
                <SequencePoint vc="0" uspid="376" ordinal="52" sl="376" sc="1" el="376" ec="2" bec="0" bev="0" fileid="2" />
                <SequencePoint vc="0" uspid="377" ordinal="53" sl="377" sc="1" el="377" ec="2" bec="0" bev="0" fileid="2" />
                <SequencePoint vc="0" uspid="378" ordinal="54" sl="378" sc="1" el="378" ec="2" bec="0" bev="0" fileid="2" />
                <SequencePoint vc="0" uspid="379" ordinal="55" sl="379" sc="1" el="379" ec="2" bec="0" bev="0" fileid="2" />
                <SequencePoint vc="0" uspid="380" ordinal="56" sl="380" sc="1" el="380" ec="2" bec="0" bev="0" fileid="2" />
                <SequencePoint vc="0" uspid="382" ordinal="57" sl="382" sc="1" el="382" ec="2" bec="6" bev="0" fileid="2" />
                <SequencePoint vc="0" uspid="383" ordinal="58" sl="383" sc="1" el="383" ec="2" bec="0" bev="0" fileid="2" />
                <SequencePoint vc="0" uspid="384" ordinal="59" sl="384" sc="1" el="384" ec="2" bec="0" bev="0" fileid="2" />
                <SequencePoint vc="0" uspid="385" ordinal="60" sl="385" sc="1" el="385" ec="2" bec="0" bev="0" fileid="2" />
                <SequencePoint vc="0" uspid="386" ordinal="61" sl="386" sc="1" el="386" ec="2" bec="0" bev="0" fileid="2" />
                <SequencePoint vc="0" uspid="388" ordinal="62" sl="388" sc="1" el="388" ec="2" bec="8" bev="0" fileid="2" />
                <SequencePoint vc="0" uspid="389" ordinal="63" sl="389" sc="1" el="389" ec="2" bec="0" bev="0" fileid="2" />
                <SequencePoint vc="0" uspid="390" ordinal="64" sl="390" sc="1" el="390" ec="2" bec="2" bev="0" fileid="2" />
                <SequencePoint vc="0" uspid="391" ordinal="65" sl="391" sc="1" el="391" ec="2" bec="0" bev="0" fileid="2" />
                <SequencePoint vc="0" uspid="392" ordinal="66" sl="392" sc="1" el="392" ec="2" bec="0" bev="0" fileid="2" />
                <SequencePoint vc="0" uspid="393" ordinal="67" sl="393" sc="1" el="393" ec="2" bec="2" bev="0" fileid="2" />
                <SequencePoint vc="0" uspid="394" ordinal="68" sl="394" sc="1" el="394" ec="2" bec="0" bev="0" fileid="2" />
                <SequencePoint vc="0" uspid="395" ordinal="69" sl="395" sc="1" el="395" ec="2" bec="0" bev="0" fileid="2" />
                <SequencePoint vc="0" uspid="396" ordinal="70" sl="396" sc="1" el="396" ec="2" bec="0" bev="0" fileid="2" />
                <SequencePoint vc="0" uspid="397" ordinal="71" sl="397" sc="1" el="397" ec="2" bec="0" bev="0" fileid="2" />
                <SequencePoint vc="0" uspid="398" ordinal="72" sl="398" sc="1" el="398" ec="2" bec="0" bev="0" fileid="2" />
                <SequencePoint vc="0" uspid="399" ordinal="73" sl="399" sc="1" el="399" ec="2" bec="0" bev="0" fileid="2" />
                <SequencePoint vc="0" uspid="401" ordinal="74" sl="401" sc="1" el="401" ec="2" bec="0" bev="0" fileid="2" />
                <SequencePoint vc="0" uspid="402" ordinal="75" sl="402" sc="1" el="402" ec="2" bec="0" bev="0" fileid="2" />
              </SequencePoints>
              <BranchPoints>
                <BranchPoint vc="0" uspid="321" ordinal="0" path="0" offset="19" offsetend="21" sl="321" fileid="2" />
                <BranchPoint vc="0" uspid="321" ordinal="1" path="1" offset="19" offsetend="49" sl="321" fileid="2" />
                <BranchPoint vc="0" uspid="325" ordinal="2" path="0" offset="62" offsetend="64" sl="325" fileid="2" />
                <BranchPoint vc="0" uspid="325" ordinal="3" path="1" offset="62" offsetend="77" sl="325" fileid="2" />
                <BranchPoint vc="0" uspid="329" ordinal="4" path="0" offset="104" offsetend="109" sl="329" fileid="2" />
                <BranchPoint vc="0" uspid="331" ordinal="6" path="0" offset="127" offsetend="129" sl="331" fileid="2" />
                <BranchPoint vc="0" uspid="331" ordinal="7" path="1" offset="127" offsetend="140" sl="331" fileid="2" />
                <BranchPoint vc="0" uspid="335" ordinal="8" path="0" offset="157" offsetend="159" sl="335" fileid="2" />
                <BranchPoint vc="0" uspid="335" ordinal="9" path="1" offset="157" offsetend="170" sl="335" fileid="2" />
                <BranchPoint vc="0" uspid="339" ordinal="10" path="0" offset="187" offsetend="189" sl="339" fileid="2" />
                <BranchPoint vc="0" uspid="339" ordinal="11" path="1" offset="187" offsetend="200" sl="339" fileid="2" />
                <BranchPoint vc="0" uspid="343" ordinal="12" path="0" offset="210" offsetend="212" sl="343" fileid="2" />
                <BranchPoint vc="0" uspid="343" ordinal="13" path="1" offset="210" offsetend="224" sl="343" fileid="2" />
                <BranchPoint vc="0" uspid="343" ordinal="14" path="0" offset="229" offsetend="234" sl="343" fileid="2" />
                <BranchPoint vc="0" uspid="345" ordinal="35" path="1" offset="629" offsetend="254" sl="345" fileid="2" />
                <BranchPoint vc="0" uspid="348" ordinal="16" path="0" offset="309" offsetend="311" sl="348" fileid="2" />
                <BranchPoint vc="0" uspid="348" ordinal="17" path="1" offset="309" offsetend="315" sl="348" fileid="2" />
                <BranchPoint vc="0" uspid="349" ordinal="18" path="0" offset="344" offsetend="346" sl="349" fileid="2" />
                <BranchPoint vc="0" uspid="353" ordinal="20" path="0" offset="399" offsetend="401" sl="353" fileid="2" />
                <BranchPoint vc="0" uspid="353" ordinal="21" path="1" offset="399" offsetend="418" sl="353" fileid="2" />
                <BranchPoint vc="0" uspid="349" ordinal="19" path="1" offset="344" offsetend="444" sl="349" fileid="2" />
                <BranchPoint vc="0" uspid="362" ordinal="22" path="0" offset="462" offsetend="467" sl="362" fileid="2" />
                <BranchPoint vc="0" uspid="365" ordinal="24" path="0" offset="511" offsetend="513" sl="365" fileid="2" />
                <BranchPoint vc="0" uspid="367" ordinal="26" path="0" offset="516" offsetend="518" sl="367" fileid="2" />
                <BranchPoint vc="0" uspid="367" ordinal="27" path="1" offset="516" offsetend="521" sl="367" fileid="2" />
                <BranchPoint vc="0" uspid="367" ordinal="28" path="0" offset="529" offsetend="531" sl="367" fileid="2" />
                <BranchPoint vc="0" uspid="367" ordinal="29" path="1" offset="529" offsetend="535" sl="367" fileid="2" />
                <BranchPoint vc="0" uspid="368" ordinal="30" path="0" offset="551" offsetend="553" sl="368" fileid="2" />
                <BranchPoint vc="0" uspid="368" ordinal="31" path="1" offset="551" offsetend="556" sl="368" fileid="2" />
                <BranchPoint vc="0" uspid="372" ordinal="33" path="1" offset="601" offsetend="568" sl="372" fileid="2" />
                <BranchPoint vc="0" uspid="372" ordinal="32" path="0" offset="601" offsetend="603" sl="372" fileid="2" />
                <BranchPoint vc="0" uspid="365" ordinal="25" path="1" offset="511" offsetend="619" sl="365" fileid="2" />
                <BranchPoint vc="0" uspid="362" ordinal="23" path="1" offset="462" offsetend="620" sl="362" fileid="2" />
                <BranchPoint vc="0" uspid="345" ordinal="34" path="0" offset="629" offsetend="634" sl="345" fileid="2" />
                <BranchPoint vc="0" uspid="343" ordinal="15" path="1" offset="229" offsetend="652" sl="343" fileid="2" />
                <BranchPoint vc="0" uspid="382" ordinal="36" path="0" offset="662" offsetend="664" sl="382" fileid="2" />
                <BranchPoint vc="0" uspid="382" ordinal="38" path="0" offset="674" offsetend="676" sl="382" fileid="2" />
                <BranchPoint vc="0" uspid="382" ordinal="39" path="1" offset="674" offsetend="688" sl="382" fileid="2" />
                <BranchPoint vc="0" uspid="382" ordinal="37" path="1" offset="662" offsetend="691" sl="382" fileid="2" />
                <BranchPoint vc="0" uspid="382" ordinal="40" path="0" offset="696" offsetend="698" sl="382" fileid="2" />
                <BranchPoint vc="0" uspid="382" ordinal="41" path="1" offset="696" offsetend="728" sl="382" fileid="2" />
                <BranchPoint vc="0" uspid="388" ordinal="42" path="0" offset="738" offsetend="740" sl="388" fileid="2" />
                <BranchPoint vc="0" uspid="388" ordinal="44" path="0" offset="748" offsetend="750" sl="388" fileid="2" />
                <BranchPoint vc="0" uspid="388" ordinal="46" path="0" offset="760" offsetend="762" sl="388" fileid="2" />
                <BranchPoint vc="0" uspid="388" ordinal="47" path="1" offset="760" offsetend="774" sl="388" fileid="2" />
                <BranchPoint vc="0" uspid="388" ordinal="43" path="1" offset="738" offsetend="777" sl="388" fileid="2" />
                <BranchPoint vc="0" uspid="388" ordinal="45" path="1" offset="748" offsetend="777" sl="388" fileid="2" />
                <BranchPoint vc="0" uspid="388" ordinal="48" path="0" offset="782" offsetend="787" sl="388" fileid="2" />
                <BranchPoint vc="0" uspid="390" ordinal="53" path="1" offset="898" offsetend="804" sl="390" fileid="2" />
                <BranchPoint vc="0" uspid="393" ordinal="50" path="0" offset="861" offsetend="863" sl="393" fileid="2" />
                <BranchPoint vc="0" uspid="393" ordinal="51" path="1" offset="861" offsetend="890" sl="393" fileid="2" />
                <BranchPoint vc="0" uspid="390" ordinal="52" path="0" offset="898" offsetend="900" sl="390" fileid="2" />
                <BranchPoint vc="0" uspid="388" ordinal="49" path="1" offset="782" offsetend="918" sl="388" fileid="2" />
                <BranchPoint vc="0" uspid="329" ordinal="5" path="1" offset="104" offsetend="919" sl="329" fileid="2" />
              </BranchPoints>
              <MethodPoint vc="0" uspid="0" p8:type="SequencePoint" ordinal="0" offset="0" sc="0" sl="320" ec="1" el="402" bec="0" bev="0" fileid="2" xmlns:p8="xsi" />
            </Method>
            <Method cyclomaticComplexity="6" nPathComplexity="6" sequenceCoverage="0" branchCoverage="0" isConstructor="False" isGetter="False" isSetter="False" isStatic="True">
              <Summary numSequencePoints="14" visitedSequencePoints="0" numBranchPoints="6" visitedBranchPoints="0" sequenceCoverage="0" branchCoverage="0" maxCyclomaticComplexity="6" minCyclomaticComplexity="6" visitedClasses="0" numClasses="0" visitedMethods="0" numMethods="1" />
              <MetadataToken />
              <Name>Microsoft.OpenApi.OpenApiParameter Microsoft.AspNetCore.OpenApi.Generated.&lt;OpenApiXmlCommentSupport_generated&gt;F93395F21EC6A7D0B673C57E1A033BDC6CCA06C4871449C98E3C31FFA752FF8F5__XmlCommentOperationTransformer::UnwrapOpenApiParameter(Microsoft.OpenApi.IOpenApiParameter)</Name>
              <FileRef uid="2" />
              <SequencePoints>
                <SequencePoint vc="0" uspid="405" ordinal="0" sl="405" sc="1" el="405" ec="2" bec="0" bev="0" fileid="2" />
                <SequencePoint vc="0" uspid="406" ordinal="1" sl="406" sc="1" el="406" ec="2" bec="2" bev="0" fileid="2" />
[...]
                <SequencePoint vc="0" uspid="46" ordinal="9" sl="46" sc="1" el="46" ec="2" bec="0" bev="0" fileid="27" />
                <SequencePoint vc="0" uspid="47" ordinal="10" sl="47" sc="1" el="47" ec="2" bec="0" bev="0" fileid="27" />
              </SequencePoints>
              <BranchPoints />
              <MethodPoint vc="0" uspid="0" p8:type="SequencePoint" ordinal="1" offset="1" sc="0" sl="35" ec="1" el="47" bec="0" bev="0" fileid="27" xmlns:p8="xsi" />
            </Method>
          </Methods>
        </Class>
        <Class>
          <Summary numSequencePoints="55" visitedSequencePoints="0" numBranchPoints="0" visitedBranchPoints="0" sequenceCoverage="0" branchCoverage="100" maxCyclomaticComplexity="1" minCyclomaticComplexity="1" visitedClasses="0" numClasses="1" visitedMethods="0" numMethods="1" />
          <FullName>DreamBig.Faist.Persistence.Migrations.Task_Add_SubTask_Relationship</FullName>
          <Methods>
            <Method cyclomaticComplexity="1" nPathComplexity="1" sequenceCoverage="0" branchCoverage="100" isConstructor="False" isGetter="False" isSetter="False" isStatic="True">
              <Summary numSequencePoints="55" visitedSequencePoints="0" numBranchPoints="0" visitedBranchPoints="0" sequenceCoverage="0" branchCoverage="100" maxCyclomaticComplexity="1" minCyclomaticComplexity="1" visitedClasses="0" numClasses="0" visitedMethods="0" numMethods="1" />
              <MetadataToken />
              <Name>System.Void DreamBig.Faist.Persistence.Migrations.Task_Add_SubTask_Relationship::BuildTargetModel(Microsoft.EntityFrameworkCore.ModelBuilder)</Name>
              <FileRef uid="28" />
              <SequencePoints>
                <SequencePoint vc="0" uspid="20" ordinal="0" sl="20" sc="1" el="20" ec="2" bec="0" bev="0" fileid="28" />
                <SequencePoint vc="0" uspid="22" ordinal="1" sl="22" sc="1" el="22" ec="2" bec="0" bev="0" fileid="28" />
                <SequencePoint vc="0" uspid="23" ordinal="2" sl="23" sc="1" el="23" ec="2" bec="0" bev="0" fileid="28" />
                <SequencePoint vc="0" uspid="24" ordinal="3" sl="24" sc="1" el="24" ec="2" bec="0" bev="0" fileid="28" />
                <SequencePoint vc="0" uspid="26" ordinal="4" sl="26" sc="1" el="26" ec="2" bec="0" bev="0" fileid="28" />
                <SequencePoint vc="0" uspid="28" ordinal="5" sl="28" sc="1" el="28" ec="2" bec="0" bev="0" fileid="28" />
                <SequencePoint vc="0" uspid="29" ordinal="6" sl="29" sc="1" el="29" ec="2" bec="0" bev="0" fileid="28" />
                <SequencePoint vc="0" uspid="30" ordinal="7" sl="30" sc="1" el="30" ec="2" bec="0" bev="0" fileid="28" />
                <SequencePoint vc="0" uspid="31" ordinal="8" sl="31" sc="1" el="31" ec="2" bec="0" bev="0" fileid="28" />
                <SequencePoint vc="0" uspid="32" ordinal="9" sl="32" sc="1" el="32" ec="2" bec="0" bev="0" fileid="28" />
                <SequencePoint vc="0" uspid="33" ordinal="10" sl="33" sc="1" el="33" ec="2" bec="0" bev="0" fileid="28" />
                <SequencePoint vc="0" uspid="34" ordinal="11" sl="34" sc="1" el="34" ec="2" bec="0" bev="0" fileid="28" />
                <SequencePoint vc="0" uspid="35" ordinal="12" sl="35" sc="1" el="35" ec="2" bec="0" bev="0" fileid="28" />
                <SequencePoint vc="0" uspid="36" ordinal="13" sl="36" sc="1" el="36" ec="2" bec="0" bev="0" fileid="28" />
                <SequencePoint vc="0" uspid="37" ordinal="14" sl="37" sc="1" el="37" ec="2" bec="0" bev="0" fileid="28" />
                <SequencePoint vc="0" uspid="38" ordinal="15" sl="38" sc="1" el="38" ec="2" bec="0" bev="0" fileid="28" />
                <SequencePoint vc="0" uspid="39" ordinal="16" sl="39" sc="1" el="39" ec="2" bec="0" bev="0" fileid="28" />
                <SequencePoint vc="0" uspid="40" ordinal="17" sl="40" sc="1" el="40" ec="2" bec="0" bev="0" fileid="28" />
                <SequencePoint vc="0" uspid="41" ordinal="18" sl="41" sc="1" el="41" ec="2" bec="0" bev="0" fileid="28" />
                <SequencePoint vc="0" uspid="42" ordinal="19" sl="42" sc="1" el="42" ec="2" bec="0" bev="0" fileid="28" />
                <SequencePoint vc="0" uspid="43" ordinal="20" sl="43" sc="1" el="43" ec="2" bec="0" bev="0" fileid="28" />
                <SequencePoint vc="0" uspid="44" ordinal="21" sl="44" sc="1" el="44" ec="2" bec="0" bev="0" fileid="28" />
                <SequencePoint vc="0" uspid="45" ordinal="22" sl="45" sc="1" el="45" ec="2" bec="0" bev="0" fileid="28" />
                <SequencePoint vc="0" uspid="46" ordinal="23" sl="46" sc="1" el="46" ec="2" bec="0" bev="0" fileid="28" />
                <SequencePoint vc="0" uspid="47" ordinal="24" sl="47" sc="1" el="47" ec="2" bec="0" bev="0" fileid="28" />
                <SequencePoint vc="0" uspid="48" ordinal="25" sl="48" sc="1" el="48" ec="2" bec="0" bev="0" fileid="28" />
                <SequencePoint vc="0" uspid="49" ordinal="26" sl="49" sc="1" el="49" ec="2" bec="0" bev="0" fileid="28" />
                <SequencePoint vc="0" uspid="50" ordinal="27" sl="50" sc="1" el="50" ec="2" bec="0" bev="0" fileid="28" />
                <SequencePoint vc="0" uspid="51" ordinal="28" sl="51" sc="1" el="51" ec="2" bec="0" bev="0" fileid="28" />
                <SequencePoint vc="0" uspid="52" ordinal="29" sl="52" sc="1" el="52" ec="2" bec="0" bev="0" fileid="28" />
                <SequencePoint vc="0" uspid="53" ordinal="30" sl="53" sc="1" el="53" ec="2" bec="0" bev="0" fileid="28" />
                <SequencePoint vc="0" uspid="54" ordinal="31" sl="54" sc="1" el="54" ec="2" bec="0" bev="0" fileid="28" />
                <SequencePoint vc="0" uspid="55" ordinal="32" sl="55" sc="1" el="55" ec="2" bec="0" bev="0" fileid="28" />
                <SequencePoint vc="0" uspid="56" ordinal="33" sl="56" sc="1" el="56" ec="2" bec="0" bev="0" fileid="28" />
                <SequencePoint vc="0" uspid="57" ordinal="34" sl="57" sc="1" el="57" ec="2" bec="0" bev="0" fileid="28" />
                <SequencePoint vc="0" uspid="58" ordinal="35" sl="58" sc="1" el="58" ec="2" bec="0" bev="0" fileid="28" />
                <SequencePoint vc="0" uspid="59" ordinal="36" sl="59" sc="1" el="59" ec="2" bec="0" bev="0" fileid="28" />
                <SequencePoint vc="0" uspid="60" ordinal="37" sl="60" sc="1" el="60" ec="2" bec="0" bev="0" fileid="28" />
                <SequencePoint vc="0" uspid="61" ordinal="38" sl="61" sc="1" el="61" ec="2" bec="0" bev="0" fileid="28" />
                <SequencePoint vc="0" uspid="62" ordinal="39" sl="62" sc="1" el="62" ec="2" bec="0" bev="0" fileid="28" />
                <SequencePoint vc="0" uspid="63" ordinal="40" sl="63" sc="1" el="63" ec="2" bec="0" bev="0" fileid="28" />
                <SequencePoint vc="0" uspid="65" ordinal="41" sl="65" sc="1" el="65" ec="2" bec="0" bev="0" fileid="28" />
                <SequencePoint vc="0" uspid="66" ordinal="42" sl="66" sc="1" el="66" ec="2" bec="0" bev="0" fileid="28" />
                <SequencePoint vc="0" uspid="67" ordinal="43" sl="67" sc="1" el="67" ec="2" bec="0" bev="0" fileid="28" />
                <SequencePoint vc="0" uspid="68" ordinal="44" sl="68" sc="1" el="68" ec="2" bec="0" bev="0" fileid="28" />
                <SequencePoint vc="0" uspid="69" ordinal="45" sl="69" sc="1" el="69" ec="2" bec="0" bev="0" fileid="28" />
                <SequencePoint vc="0" uspid="70" ordinal="46" sl="70" sc="1" el="70" ec="2" bec="0" bev="0" fileid="28" />
                <SequencePoint vc="0" uspid="71" ordinal="47" sl="71" sc="1" el="71" ec="2" bec="0" bev="0" fileid="28" />
                <SequencePoint vc="0" uspid="72" ordinal="48" sl="72" sc="1" el="72" ec="2" bec="0" bev="0" fileid="28" />
                <SequencePoint vc="0" uspid="73" ordinal="49" sl="73" sc="1" el="73" ec="2" bec="0" bev="0" fileid="28" />
                <SequencePoint vc="0" uspid="75" ordinal="50" sl="75" sc="1" el="75" ec="2" bec="0" bev="0" fileid="28" />
                <SequencePoint vc="0" uspid="76" ordinal="51" sl="76" sc="1" el="76" ec="2" bec="0" bev="0" fileid="28" />
                <SequencePoint vc="0" uspid="77" ordinal="52" sl="77" sc="1" el="77" ec="2" bec="0" bev="0" fileid="28" />
                <SequencePoint vc="0" uspid="78" ordinal="53" sl="78" sc="1" el="78" ec="2" bec="0" bev="0" fileid="28" />
                <SequencePoint vc="0" uspid="80" ordinal="54" sl="80" sc="1" el="80" ec="2" bec="0" bev="0" fileid="28" />
              </SequencePoints>
              <BranchPoints />
              <MethodPoint vc="0" uspid="0" p8:type="SequencePoint" ordinal="0" offset="0" sc="0" sl="20" ec="1" el="80" bec="0" bev="0" fileid="28" xmlns:p8="xsi" />
            </Method>
          </Methods>
        </Class>
        <Class>
          <Summary numSequencePoints="55" visitedSequencePoints="0" numBranchPoints="0" visitedBranchPoints="0" sequenceCoverage="0" branchCoverage="100" maxCyclomaticComplexity="1" minCyclomaticComplexity="1" visitedClasses="0" numClasses="1" visitedMethods="0" numMethods="1" />
          <FullName>DreamBig.Faist.Persistence.Migrations.FaistDbContextModelSnapshot</FullName>
          <Methods>
            <Method cyclomaticComplexity="1" nPathComplexity="1" sequenceCoverage="0" branchCoverage="100" isConstructor="False" isGetter="False" isSetter="False" isStatic="True">
              <Summary numSequencePoints="55" visitedSequencePoints="0" numBranchPoints="0" visitedBranchPoints="0" sequenceCoverage="0" branchCoverage="100" maxCyclomaticComplexity="1" minCyclomaticComplexity="1" visitedClasses="0" numClasses="0" visitedMethods="0" numMethods="1" />
              <MetadataToken />
              <Name>System.Void DreamBig.Faist.Persistence.Migrations.FaistDbContextModelSnapshot::BuildModel(Microsoft.EntityFrameworkCore.ModelBuilder)</Name>
              <FileRef uid="29" />
              <SequencePoints>
                <SequencePoint vc="0" uspid="17" ordinal="0" sl="17" sc="1" el="17" ec="2" bec="0" bev="0" fileid="29" />
                <SequencePoint vc="0" uspid="19" ordinal="1" sl="19" sc="1" el="19" ec="2" bec="0" bev="0" fileid="29" />
                <SequencePoint vc="0" uspid="20" ordinal="2" sl="20" sc="1" el="20" ec="2" bec="0" bev="0" fileid="29" />
                <SequencePoint vc="0" uspid="21" ordinal="3" sl="21" sc="1" el="21" ec="2" bec="0" bev="0" fileid="29" />
                <SequencePoint vc="0" uspid="23" ordinal="4" sl="23" sc="1" el="23" ec="2" bec="0" bev="0" fileid="29" />
                <SequencePoint vc="0" uspid="25" ordinal="5" sl="25" sc="1" el="25" ec="2" bec="0" bev="0" fileid="29" />
                <SequencePoint vc="0" uspid="26" ordinal="6" sl="26" sc="1" el="26" ec="2" bec="0" bev="0" fileid="29" />
                <SequencePoint vc="0" uspid="27" ordinal="7" sl="27" sc="1" el="27" ec="2" bec="0" bev="0" fileid="29" />
                <SequencePoint vc="0" uspid="28" ordinal="8" sl="28" sc="1" el="28" ec="2" bec="0" bev="0" fileid="29" />
                <SequencePoint vc="0" uspid="29" ordinal="9" sl="29" sc="1" el="29" ec="2" bec="0" bev="0" fileid="29" />
                <SequencePoint vc="0" uspid="30" ordinal="10" sl="30" sc="1" el="30" ec="2" bec="0" bev="0" fileid="29" />
                <SequencePoint vc="0" uspid="31" ordinal="11" sl="31" sc="1" el="31" ec="2" bec="0" bev="0" fileid="29" />
                <SequencePoint vc="0" uspid="32" ordinal="12" sl="32" sc="1" el="32" ec="2" bec="0" bev="0" fileid="29" />
                <SequencePoint vc="0" uspid="33" ordinal="13" sl="33" sc="1" el="33" ec="2" bec="0" bev="0" fileid="29" />
                <SequencePoint vc="0" uspid="34" ordinal="14" sl="34" sc="1" el="34" ec="2" bec="0" bev="0" fileid="29" />
                <SequencePoint vc="0" uspid="35" ordinal="15" sl="35" sc="1" el="35" ec="2" bec="0" bev="0" fileid="29" />
                <SequencePoint vc="0" uspid="36" ordinal="16" sl="36" sc="1" el="36" ec="2" bec="0" bev="0" fileid="29" />
                <SequencePoint vc="0" uspid="37" ordinal="17" sl="37" sc="1" el="37" ec="2" bec="0" bev="0" fileid="29" />
                <SequencePoint vc="0" uspid="38" ordinal="18" sl="38" sc="1" el="38" ec="2" bec="0" bev="0" fileid="29" />
                <SequencePoint vc="0" uspid="39" ordinal="19" sl="39" sc="1" el="39" ec="2" bec="0" bev="0" fileid="29" />
                <SequencePoint vc="0" uspid="40" ordinal="20" sl="40" sc="1" el="40" ec="2" bec="0" bev="0" fileid="29" />
                <SequencePoint vc="0" uspid="41" ordinal="21" sl="41" sc="1" el="41" ec="2" bec="0" bev="0" fileid="29" />
                <SequencePoint vc="0" uspid="42" ordinal="22" sl="42" sc="1" el="42" ec="2" bec="0" bev="0" fileid="29" />
                <SequencePoint vc="0" uspid="43" ordinal="23" sl="43" sc="1" el="43" ec="2" bec="0" bev="0" fileid="29" />
                <SequencePoint vc="0" uspid="44" ordinal="24" sl="44" sc="1" el="44" ec="2" bec="0" bev="0" fileid="29" />
                <SequencePoint vc="0" uspid="45" ordinal="25" sl="45" sc="1" el="45" ec="2" bec="0" bev="0" fileid="29" />
                <SequencePoint vc="0" uspid="46" ordinal="26" sl="46" sc="1" el="46" ec="2" bec="0" bev="0" fileid="29" />
                <SequencePoint vc="0" uspid="47" ordinal="27" sl="47" sc="1" el="47" ec="2" bec="0" bev="0" fileid="29" />
                <SequencePoint vc="0" uspid="48" ordinal="28" sl="48" sc="1" el="48" ec="2" bec="0" bev="0" fileid="29" />
                <SequencePoint vc="0" uspid="49" ordinal="29" sl="49" sc="1" el="49" ec="2" bec="0" bev="0" fileid="29" />
                <SequencePoint vc="0" uspid="50" ordinal="30" sl="50" sc="1" el="50" ec="2" bec="0" bev="0" fileid="29" />
                <SequencePoint vc="0" uspid="51" ordinal="31" sl="51" sc="1" el="51" ec="2" bec="0" bev="0" fileid="29" />
                <SequencePoint vc="0" uspid="52" ordinal="32" sl="52" sc="1" el="52" ec="2" bec="0" bev="0" fileid="29" />
                <SequencePoint vc="0" uspid="53" ordinal="33" sl="53" sc="1" el="53" ec="2" bec="0" bev="0" fileid="29" />
                <SequencePoint vc="0" uspid="54" ordinal="34" sl="54" sc="1" el="54" ec="2" bec="0" bev="0" fileid="29" />
                <SequencePoint vc="0" uspid="55" ordinal="35" sl="55" sc="1" el="55" ec="2" bec="0" bev="0" fileid="29" />
                <SequencePoint vc="0" uspid="56" ordinal="36" sl="56" sc="1" el="56" ec="2" bec="0" bev="0" fileid="29" />
                <SequencePoint vc="0" uspid="57" ordinal="37" sl="57" sc="1" el="57" ec="2" bec="0" bev="0" fileid="29" />
                <SequencePoint vc="0" uspid="58" ordinal="38" sl="58" sc="1" el="58" ec="2" bec="0" bev="0" fileid="29" />
                <SequencePoint vc="0" uspid="59" ordinal="39" sl="59" sc="1" el="59" ec="2" bec="0" bev="0" fileid="29" />
                <SequencePoint vc="0" uspid="60" ordinal="40" sl="60" sc="1" el="60" ec="2" bec="0" bev="0" fileid="29" />
                <SequencePoint vc="0" uspid="62" ordinal="41" sl="62" sc="1" el="62" ec="2" bec="0" bev="0" fileid="29" />
                <SequencePoint vc="0" uspid="63" ordinal="42" sl="63" sc="1" el="63" ec="2" bec="0" bev="0" fileid="29" />
                <SequencePoint vc="0" uspid="64" ordinal="43" sl="64" sc="1" el="64" ec="2" bec="0" bev="0" fileid="29" />
                <SequencePoint vc="0" uspid="65" ordinal="44" sl="65" sc="1" el="65" ec="2" bec="0" bev="0" fileid="29" />
                <SequencePoint vc="0" uspid="66" ordinal="45" sl="66" sc="1" el="66" ec="2" bec="0" bev="0" fileid="29" />
                <SequencePoint vc="0" uspid="67" ordinal="46" sl="67" sc="1" el="67" ec="2" bec="0" bev="0" fileid="29" />
                <SequencePoint vc="0" uspid="68" ordinal="47" sl="68" sc="1" el="68" ec="2" bec="0" bev="0" fileid="29" />
                <SequencePoint vc="0" uspid="69" ordinal="48" sl="69" sc="1" el="69" ec="2" bec="0" bev="0" fileid="29" />
                <SequencePoint vc="0" uspid="70" ordinal="49" sl="70" sc="1" el="70" ec="2" bec="0" bev="0" fileid="29" />
                <SequencePoint vc="0" uspid="72" ordinal="50" sl="72" sc="1" el="72" ec="2" bec="0" bev="0" fileid="29" />
                <SequencePoint vc="0" uspid="73" ordinal="51" sl="73" sc="1" el="73" ec="2" bec="0" bev="0" fileid="29" />
                <SequencePoint vc="0" uspid="74" ordinal="52" sl="74" sc="1" el="74" ec="2" bec="0" bev="0" fileid="29" />
                <SequencePoint vc="0" uspid="75" ordinal="53" sl="75" sc="1" el="75" ec="2" bec="0" bev="0" fileid="29" />
                <SequencePoint vc="0" uspid="77" ordinal="54" sl="77" sc="1" el="77" ec="2" bec="0" bev="0" fileid="29" />
              </SequencePoints>
              <BranchPoints />
              <MethodPoint vc="0" uspid="0" p8:type="SequencePoint" ordinal="0" offset="0" sc="0" sl="17" ec="1" el="77" bec="0" bev="0" fileid="29" xmlns:p8="xsi" />
            </Method>
          </Methods>
        </Class>
        <Class>
          <Summary numSequencePoints="12" visitedSequencePoints="0" numBranchPoints="0" visitedBranchPoints="0" sequenceCoverage="0" branchCoverage="100" maxCyclomaticComplexity="1" minCyclomaticComplexity="1" visitedClasses="0" numClasses="1" visitedMethods="0" numMethods="1" />
          <FullName>DreamBig.Faist.Persistence.Configurations.TaskConfiguration</FullName>
          <Methods>
            <Method cyclomaticComplexity="1" nPathComplexity="1" sequenceCoverage="0" branchCoverage="100" isConstructor="False" isGetter="False" isSetter="False" isStatic="True">
              <Summary numSequencePoints="12" visitedSequencePoints="0" numBranchPoints="0" visitedBranchPoints="0" sequenceCoverage="0" branchCoverage="100" maxCyclomaticComplexity="1" minCyclomaticComplexity="1" visitedClasses="0" numClasses="0" visitedMethods="0" numMethods="1" />
              <MetadataToken />
              <Name>System.Void DreamBig.Faist.Persistence.Configurations.TaskConfiguration::Configure(Microsoft.EntityFrameworkCore.Metadata.Builders.EntityTypeBuilder`1&lt;DreamBig.Faist.Domain.Entities.Task&gt;)</Name>
              <FileRef uid="30" />
              <SequencePoints>
                <SequencePoint vc="0" uspid="10" ordinal="0" sl="10" sc="1" el="10" ec="2" bec="0" bev="0" fileid="30" />
                <SequencePoint vc="0" uspid="11" ordinal="1" sl="11" sc="1" el="11" ec="2" bec="0" bev="0" fileid="30" />
                <SequencePoint vc="0" uspid="13" ordinal="2" sl="13" sc="1" el="13" ec="2" bec="0" bev="0" fileid="30" />
                <SequencePoint vc="0" uspid="14" ordinal="3" sl="14" sc="1" el="14" ec="2" bec="0" bev="0" fileid="30" />
                <SequencePoint vc="0" uspid="15" ordinal="4" sl="15" sc="1" el="15" ec="2" bec="0" bev="0" fileid="30" />
                <SequencePoint vc="0" uspid="17" ordinal="5" sl="17" sc="1" el="17" ec="2" bec="0" bev="0" fileid="30" />
                <SequencePoint vc="0" uspid="18" ordinal="6" sl="18" sc="1" el="18" ec="2" bec="0" bev="0" fileid="30" />
                <SequencePoint vc="0" uspid="20" ordinal="7" sl="20" sc="1" el="20" ec="2" bec="0" bev="0" fileid="30" />
                <SequencePoint vc="0" uspid="21" ordinal="8" sl="21" sc="1" el="21" ec="2" bec="0" bev="0" fileid="30" />
                <SequencePoint vc="0" uspid="22" ordinal="9" sl="22" sc="1" el="22" ec="2" bec="0" bev="0" fileid="30" />
                <SequencePoint vc="0" uspid="23" ordinal="10" sl="23" sc="1" el="23" ec="2" bec="0" bev="0" fileid="30" />
                <SequencePoint vc="0" uspid="24" ordinal="11" sl="24" sc="1" el="24" ec="2" bec="0" bev="0" fileid="30" />
              </SequencePoints>
              <BranchPoints />
              <MethodPoint vc="0" uspid="0" p8:type="SequencePoint" ordinal="0" offset="0" sc="0" sl="10" ec="1" el="24" bec="0" bev="0" fileid="30" xmlns:p8="xsi" />
            </Method>
          </Methods>
        </Class>
      </Classes>
    </Module>
  </Modules>
</CoverageSession>